0 verbose cli C:\nvm4w\nodejs\node.exe C:\nvm4w\nodejs\node_modules\npm\bin\npm-cli.js
1 info using npm@8.19.2
2 info using node@v18.12.1
3 timing npm:load:whichnode Completed in 0ms
4 timing config:load:defaults Completed in 2ms
5 timing config:load:file:C:\Users\aryed\AppData\Local\nvm\v18.12.1\node_modules\npm\npmrc Completed in 1ms
6 timing config:load:builtin Completed in 2ms
7 timing config:load:cli Completed in 2ms
8 timing config:load:env Completed in 1ms
9 timing config:load:file:D:\Proyectos\PoliEventos\backend\.npmrc Completed in 0ms
10 timing config:load:project Completed in 5ms
11 timing config:load:file:C:\Users\aryed\.npmrc Completed in 1ms
12 timing config:load:user Completed in 2ms
13 timing config:load:file:D:\npm-global\etc\npmrc Completed in 0ms
14 timing config:load:global Completed in 0ms
15 timing config:load:validate Completed in 1ms
16 timing config:load:credentials Completed in 1ms
17 timing config:load:setEnvs Completed in 1ms
18 timing config:load Completed in 17ms
19 timing npm:load:configload Completed in 17ms
20 timing npm:load:mkdirpcache Completed in 1ms
21 timing npm:load:mkdirplogs Completed in 0ms
22 verbose title npm install express mongoose dotenv cors qrcode uuid
23 verbose argv "install" "express" "mongoose" "dotenv" "cors" "qrcode" "uuid"
24 timing npm:load:setTitle Completed in 1ms
25 timing config:load:flatten Completed in 2ms
26 timing npm:load:display Completed in 3ms
27 verbose logfile logs-max:10 dir:D:\Proyectos\PoliEventos\backend\npm-cache\_logs
28 verbose logfile D:\Proyectos\PoliEventos\backend\npm-cache\_logs\2025-11-04T07_47_36_585Z-debug-0.log
29 timing npm:load:logFile Completed in 4ms
30 timing npm:load:timers Completed in 0ms
31 timing npm:load:configScope Completed in 0ms
32 timing npm:load Completed in 27ms
33 timing arborist:ctor Completed in 0ms
34 silly logfile done cleaning log files
35 timing arborist:ctor Completed in 0ms
36 timing idealTree:init Completed in 14ms
37 timing idealTree:userRequests Completed in 2ms
38 silly idealTree buildDeps
39 silly fetch manifest express@*
40 http fetch GET 200 https://registry.npmjs.org/express 248ms (cache miss)
41 silly fetch manifest mongoose@*
42 http fetch GET 200 https://registry.npmjs.org/mongoose 100ms (cache miss)
43 silly fetch manifest dotenv@*
44 http fetch GET 200 https://registry.npmjs.org/dotenv 78ms (cache miss)
45 silly fetch manifest cors@*
46 http fetch GET 200 https://registry.npmjs.org/cors 119ms (cache miss)
47 silly fetch manifest qrcode@*
48 http fetch GET 200 https://registry.npmjs.org/qrcode 114ms (cache miss)
49 silly fetch manifest uuid@*
50 http fetch GET 200 https://registry.npmjs.org/uuid 32ms (cache miss)
51 silly placeDep ROOT cors@2.8.5 OK for: backend@1.0.0 want: *
52 silly placeDep ROOT dotenv@17.2.3 OK for: backend@1.0.0 want: *
53 silly placeDep ROOT express@5.1.0 OK for: backend@1.0.0 want: *
54 silly placeDep ROOT mongoose@8.19.2 OK for: backend@1.0.0 want: *
55 silly placeDep ROOT qrcode@1.5.4 OK for: backend@1.0.0 want: *
56 silly placeDep ROOT uuid@13.0.0 OK for: backend@1.0.0 want: *
57 silly fetch manifest vary@^1
58 silly fetch manifest object-assign@^4
59 silly fetch manifest qs@^6.14.0
60 silly fetch manifest etag@^1.8.1
61 silly fetch manifest once@^1.4.0
62 silly fetch manifest send@^1.1.0
63 silly fetch manifest vary@^1.1.2
64 silly fetch manifest debug@^4.4.0
65 silly fetch manifest fresh@^2.0.0
66 silly fetch manifest cookie@^0.7.1
67 silly fetch manifest router@^2.2.0
68 silly fetch manifest accepts@^2.0.0
69 silly fetch manifest type-is@^2.0.1
70 silly fetch manifest parseurl@^1.3.3
71 silly fetch manifest statuses@^2.0.1
72 silly fetch manifest encodeurl@^2.0.0
73 silly fetch manifest mime-types@^3.0.0
74 silly fetch manifest proxy-addr@^2.0.7
75 silly fetch manifest body-parser@^2.2.0
76 silly fetch manifest escape-html@^1.0.3
77 silly fetch manifest http-errors@^2.0.0
78 silly fetch manifest on-finished@^2.4.1
79 silly fetch manifest content-type@^1.0.5
80 silly fetch manifest finalhandler@^2.1.0
81 silly fetch manifest range-parser@^1.2.1
82 silly fetch manifest serve-static@^2.2.0
83 silly fetch manifest cookie-signature@^1.2.1
84 silly fetch manifest merge-descriptors@^2.0.0
85 silly fetch manifest content-disposition@^1.0.0
86 silly fetch manifest bson@^6.10.4
87 silly fetch manifest kareem@2.6.3
88 silly fetch manifest mongodb@~6.20.0
89 silly fetch manifest mpath@0.9.0
90 silly fetch manifest mquery@5.0.0
91 silly fetch manifest ms@2.1.3
92 silly fetch manifest sift@17.1.3
93 silly fetch manifest dijkstrajs@^1.0.1
94 silly fetch manifest pngjs@^5.0.0
95 silly fetch manifest yargs@^15.3.1
96 http fetch GET 200 https://registry.npmjs.org/vary 74ms (cache miss)
97 http fetch GET 200 https://registry.npmjs.org/vary 124ms (cache miss)
98 http fetch GET 200 https://registry.npmjs.org/once 130ms (cache miss)
99 http fetch GET 200 https://registry.npmjs.org/object-assign 140ms (cache miss)
100 http fetch GET 200 https://registry.npmjs.org/statuses 135ms (cache miss)
101 http fetch GET 200 https://registry.npmjs.org/cookie 141ms (cache miss)
102 http fetch GET 200 https://registry.npmjs.org/encodeurl 140ms (cache miss)
103 http fetch GET 200 https://registry.npmjs.org/qs 157ms (cache miss)
104 http fetch GET 200 https://registry.npmjs.org/debug 161ms (cache miss)
105 http fetch GET 200 https://registry.npmjs.org/router 202ms (cache miss)
106 http fetch GET 200 https://registry.npmjs.org/etag 222ms (cache miss)
107 http fetch GET 200 https://registry.npmjs.org/escape-html 228ms (cache miss)
108 http fetch GET 200 https://registry.npmjs.org/finalhandler 229ms (cache miss)
109 http fetch GET 200 https://registry.npmjs.org/parseurl 240ms (cache miss)
110 http fetch GET 200 https://registry.npmjs.org/content-type 241ms (cache miss)
111 http fetch GET 200 https://registry.npmjs.org/on-finished 258ms (cache miss)
112 http fetch GET 200 https://registry.npmjs.org/proxy-addr 265ms (cache miss)
113 http fetch GET 200 https://registry.npmjs.org/fresh 271ms (cache miss)
114 http fetch GET 200 https://registry.npmjs.org/cookie-signature 265ms (cache miss)
115 http fetch GET 200 https://registry.npmjs.org/body-parser 285ms (cache miss)
116 http fetch GET 200 https://registry.npmjs.org/serve-static 291ms (cache miss)
117 http fetch GET 200 https://registry.npmjs.org/mime-types 301ms (cache miss)
118 http fetch GET 200 https://registry.npmjs.org/merge-descriptors 299ms (cache miss)
119 http fetch GET 200 https://registry.npmjs.org/content-disposition 306ms (cache miss)
120 http fetch GET 200 https://registry.npmjs.org/type-is 316ms (cache miss)
121 http fetch GET 200 https://registry.npmjs.org/accepts 316ms (cache miss)
122 http fetch GET 200 https://registry.npmjs.org/kareem 307ms (cache miss)
123 http fetch GET 200 https://registry.npmjs.org/mpath 310ms (cache miss)
124 http fetch GET 200 https://registry.npmjs.org/range-parser 317ms (cache miss)
125 http fetch GET 200 https://registry.npmjs.org/http-errors 321ms (cache miss)
126 http fetch GET 200 https://registry.npmjs.org/ms 311ms (cache miss)
127 http fetch GET 200 https://registry.npmjs.org/send 331ms (cache miss)
128 http fetch GET 200 https://registry.npmjs.org/dijkstrajs 313ms (cache miss)
129 http fetch GET 200 https://registry.npmjs.org/sift 322ms (cache miss)
130 http fetch GET 200 https://registry.npmjs.org/mquery 328ms (cache miss)
131 http fetch GET 200 https://registry.npmjs.org/bson 335ms (cache miss)
132 http fetch GET 200 https://registry.npmjs.org/yargs 348ms (cache miss)
133 http fetch GET 200 https://registry.npmjs.org/mongodb 369ms (cache miss)
134 http fetch GET 200 https://registry.npmjs.org/pngjs 433ms (cache miss)
135 timing idealTree:#root Completed in 1197ms
136 silly placeDep ROOT object-assign@4.1.1 OK for: cors@2.8.5 want: ^4
137 silly placeDep ROOT vary@1.1.2 OK for: cors@2.8.5 want: ^1
138 timing idealTree:node_modules/cors Completed in 2ms
139 timing idealTree:node_modules/dotenv Completed in 0ms
140 silly placeDep ROOT accepts@2.0.0 OK for: express@5.1.0 want: ^2.0.0
141 silly placeDep ROOT body-parser@2.2.0 OK for: express@5.1.0 want: ^2.2.0
142 silly placeDep ROOT content-disposition@1.0.0 OK for: express@5.1.0 want: ^1.0.0
143 silly placeDep ROOT content-type@1.0.5 OK for: express@5.1.0 want: ^1.0.5
144 silly placeDep ROOT cookie@0.7.2 OK for: express@5.1.0 want: ^0.7.1
145 silly placeDep ROOT cookie-signature@1.2.2 OK for: express@5.1.0 want: ^1.2.1
146 silly placeDep ROOT debug@4.4.3 OK for: express@5.1.0 want: ^4.4.0
147 silly placeDep ROOT encodeurl@2.0.0 OK for: express@5.1.0 want: ^2.0.0
148 silly placeDep ROOT escape-html@1.0.3 OK for: express@5.1.0 want: ^1.0.3
149 silly placeDep ROOT etag@1.8.1 OK for: express@5.1.0 want: ^1.8.1
150 silly placeDep ROOT finalhandler@2.1.0 OK for: express@5.1.0 want: ^2.1.0
151 silly placeDep ROOT fresh@2.0.0 OK for: express@5.1.0 want: ^2.0.0
152 silly placeDep ROOT http-errors@2.0.0 OK for: express@5.1.0 want: ^2.0.0
153 silly placeDep ROOT merge-descriptors@2.0.0 OK for: express@5.1.0 want: ^2.0.0
154 silly placeDep ROOT mime-types@3.0.1 OK for: express@5.1.0 want: ^3.0.0
155 silly placeDep ROOT on-finished@2.4.1 OK for: express@5.1.0 want: ^2.4.1
156 silly placeDep ROOT once@1.4.0 OK for: express@5.1.0 want: ^1.4.0
157 silly placeDep ROOT parseurl@1.3.3 OK for: express@5.1.0 want: ^1.3.3
158 silly placeDep ROOT proxy-addr@2.0.7 OK for: express@5.1.0 want: ^2.0.7
159 silly placeDep ROOT qs@6.14.0 OK for: express@5.1.0 want: ^6.14.0
160 silly placeDep ROOT range-parser@1.2.1 OK for: express@5.1.0 want: ^1.2.1
161 silly placeDep ROOT router@2.2.0 OK for: express@5.1.0 want: ^2.2.0
162 silly placeDep ROOT send@1.2.0 OK for: express@5.1.0 want: ^1.1.0
163 silly placeDep ROOT serve-static@2.2.0 OK for: express@5.1.0 want: ^2.2.0
164 silly placeDep ROOT statuses@2.0.2 OK for: express@5.1.0 want: ^2.0.1
165 silly placeDep ROOT type-is@2.0.1 OK for: express@5.1.0 want: ^2.0.1
166 silly fetch manifest negotiator@^1.0.0
167 silly fetch manifest bytes@^3.1.2
168 silly fetch manifest raw-body@^3.0.0
169 silly fetch manifest iconv-lite@^0.6.3
170 silly fetch manifest safe-buffer@5.2.1
171 silly fetch manifest ms@^2.1.3
172 silly fetch manifest depd@2.0.0
173 silly fetch manifest inherits@2.0.4
174 silly fetch manifest statuses@2.0.1
175 silly fetch manifest toidentifier@1.0.1
176 silly fetch manifest setprototypeof@1.2.0
177 silly fetch manifest mime-db@^1.54.0
178 silly fetch manifest ee-first@1.1.1
179 silly fetch manifest wrappy@1
180 silly fetch manifest forwarded@0.2.0
181 silly fetch manifest ipaddr.js@1.9.1
182 silly fetch manifest side-channel@^1.1.0
183 silly fetch manifest depd@^2.0.0
184 silly fetch manifest is-promise@^4.0.0
185 silly fetch manifest path-to-regexp@^8.0.0
186 silly fetch manifest media-typer@^1.1.0
187 http fetch GET 200 https://registry.npmjs.org/safe-buffer 86ms (cache miss)
188 http fetch GET 200 https://registry.npmjs.org/iconv-lite 103ms (cache miss)
189 http fetch GET 200 https://registry.npmjs.org/inherits 100ms (cache miss)
190 http fetch GET 200 https://registry.npmjs.org/negotiator 111ms (cache miss)
191 http fetch GET 200 https://registry.npmjs.org/ee-first 114ms (cache miss)
192 http fetch GET 200 https://registry.npmjs.org/depd 123ms (cache miss)
193 http fetch GET 200 https://registry.npmjs.org/wrappy 121ms (cache miss)
194 http fetch GET 200 https://registry.npmjs.org/forwarded 129ms (cache miss)
195 http fetch GET 200 https://registry.npmjs.org/depd 129ms (cache miss)
196 http fetch GET 200 https://registry.npmjs.org/bytes 146ms (cache miss)
197 http fetch GET 200 https://registry.npmjs.org/toidentifier 138ms (cache miss)
198 http fetch GET 200 https://registry.npmjs.org/side-channel 133ms (cache miss)
199 http fetch GET 200 https://registry.npmjs.org/setprototypeof 139ms (cache miss)
200 http fetch GET 200 https://registry.npmjs.org/raw-body 151ms (cache miss)
201 http fetch GET 200 https://registry.npmjs.org/is-promise 147ms (cache miss)
202 http fetch GET 200 https://registry.npmjs.org/path-to-regexp 147ms (cache miss)
203 http fetch GET 200 https://registry.npmjs.org/media-typer 147ms (cache miss)
204 http fetch GET 200 https://registry.npmjs.org/mime-db 156ms (cache miss)
205 http fetch GET 200 https://registry.npmjs.org/ipaddr.js 155ms (cache miss)
206 timing idealTree:node_modules/express Completed in 203ms
207 silly placeDep ROOT negotiator@1.0.0 OK for: accepts@2.0.0 want: ^1.0.0
208 timing idealTree:node_modules/accepts Completed in 1ms
209 silly placeDep ROOT bytes@3.1.2 OK for: body-parser@2.2.0 want: ^3.1.2
210 silly placeDep ROOT iconv-lite@0.6.3 OK for: body-parser@2.2.0 want: ^0.6.3
211 silly placeDep ROOT raw-body@3.0.1 OK for: body-parser@2.2.0 want: ^3.0.0
212 silly fetch manifest safer-buffer@>= 2.1.2 < 3.0.0
213 silly fetch manifest iconv-lite@0.7.0
214 silly fetch manifest unpipe@1.0.0
215 http fetch GET 200 https://registry.npmjs.org/safer-buffer 41ms (cache miss)
216 http fetch GET 200 https://registry.npmjs.org/unpipe 43ms (cache miss)
217 timing idealTree:node_modules/body-parser Completed in 49ms
218 timing idealTree:node_modules/bytes Completed in 0ms
219 silly placeDep ROOT safe-buffer@5.2.1 OK for: content-disposition@1.0.0 want: 5.2.1
220 timing idealTree:node_modules/content-disposition Completed in 1ms
221 timing idealTree:node_modules/content-type Completed in 0ms
222 timing idealTree:node_modules/cookie Completed in 0ms
223 timing idealTree:node_modules/cookie-signature Completed in 0ms
224 silly placeDep ROOT ms@2.1.3 OK for: debug@4.4.3 want: ^2.1.3
225 timing idealTree:node_modules/debug Completed in 1ms
226 timing idealTree:node_modules/encodeurl Completed in 0ms
227 timing idealTree:node_modules/escape-html Completed in 0ms
228 timing idealTree:node_modules/etag Completed in 0ms
229 timing idealTree:node_modules/finalhandler Completed in 0ms
230 timing idealTree:node_modules/fresh Completed in 0ms
231 silly placeDep ROOT depd@2.0.0 OK for: http-errors@2.0.0 want: 2.0.0
232 silly placeDep ROOT inherits@2.0.4 OK for: http-errors@2.0.0 want: 2.0.4
233 silly placeDep ROOT setprototypeof@1.2.0 OK for: http-errors@2.0.0 want: 1.2.0
234 silly placeDep node_modules/http-errors statuses@2.0.1 OK for: http-errors@2.0.0 want: 2.0.1
235 silly placeDep ROOT toidentifier@1.0.1 OK for: http-errors@2.0.0 want: 1.0.1
236 timing idealTree:node_modules/http-errors Completed in 5ms
237 timing idealTree:node_modules/depd Completed in 0ms
238 silly placeDep ROOT safer-buffer@2.1.2 OK for: iconv-lite@0.6.3 want: >= 2.1.2 < 3.0.0
239 timing idealTree:node_modules/iconv-lite Completed in 1ms
240 timing idealTree:node_modules/inherits Completed in 0ms
241 timing idealTree:node_modules/merge-descriptors Completed in 0ms
242 silly placeDep ROOT mime-db@1.54.0 OK for: mime-types@3.0.1 want: ^1.54.0
243 timing idealTree:node_modules/mime-types Completed in 2ms
244 timing idealTree:node_modules/mime-db Completed in 0ms
245 silly fetch manifest @aws-sdk/credential-providers@^3.188.0
246 http fetch GET 200 https://registry.npmjs.org/@aws-sdk%2fcredential-providers 282ms (cache miss)
247 silly fetch manifest @mongodb-js/zstd@^1.1.0 || ^2.0.0
248 http fetch GET 200 https://registry.npmjs.org/@mongodb-js%2fzstd 266ms (cache miss)
249 silly fetch manifest gcp-metadata@^5.2.0
250 http fetch GET 200 https://registry.npmjs.org/gcp-metadata 131ms (cache miss)
251 silly fetch manifest kerberos@^2.0.1
252 http fetch GET 200 https://registry.npmjs.org/kerberos 130ms (cache miss)
253 silly fetch manifest mongodb-client-encryption@>=6.0.0 <7
254 http fetch GET 200 https://registry.npmjs.org/mongodb-client-encryption 79ms (cache miss)
255 silly fetch manifest snappy@^7.3.2
256 http fetch GET 200 https://registry.npmjs.org/snappy 81ms (cache miss)
257 silly fetch manifest socks@^2.7.1
258 http fetch GET 200 https://registry.npmjs.org/socks 58ms (cache miss)
259 silly placeDep ROOT bson@6.10.4 OK for: mongoose@8.19.2 want: ^6.10.4
260 silly placeDep ROOT kareem@2.6.3 OK for: mongoose@8.19.2 want: 2.6.3
261 silly placeDep ROOT mongodb@6.20.0 OK for: mongoose@8.19.2 want: ~6.20.0
262 silly placeDep ROOT mpath@0.9.0 OK for: mongoose@8.19.2 want: 0.9.0
263 silly placeDep ROOT mquery@5.0.0 OK for: mongoose@8.19.2 want: 5.0.0
264 silly placeDep ROOT sift@17.1.3 OK for: mongoose@8.19.2 want: 17.1.3
265 silly fetch manifest @mongodb-js/saslprep@^1.3.0
266 silly fetch manifest mongodb-connection-string-url@^3.0.2
267 http fetch GET 200 https://registry.npmjs.org/mongodb-connection-string-url 289ms (cache miss)
268 http fetch GET 200 https://registry.npmjs.org/@mongodb-js%2fsaslprep 300ms (cache miss)
269 timing idealTree:node_modules/mongoose Completed in 1364ms
270 timing idealTree:node_modules/bson Completed in 0ms
271 timing idealTree:node_modules/kareem Completed in 0ms
272 silly placeDep ROOT @mongodb-js/saslprep@1.3.2 OK for: mongodb@6.20.0 want: ^1.3.0
273 silly placeDep ROOT mongodb-connection-string-url@3.0.2 OK for: mongodb@6.20.0 want: ^3.0.2
274 silly fetch manifest sparse-bitfield@^3.0.3
275 silly fetch manifest whatwg-url@^14.1.0 || ^13.0.0
276 silly fetch manifest @types/whatwg-url@^11.0.2
277 http fetch GET 200 https://registry.npmjs.org/sparse-bitfield 169ms (cache miss)
278 http fetch GET 200 https://registry.npmjs.org/whatwg-url 172ms (cache miss)
279 http fetch GET 200 https://registry.npmjs.org/@types%2fwhatwg-url 233ms (cache miss)
280 timing idealTree:node_modules/mongodb Completed in 238ms
281 silly placeDep ROOT sparse-bitfield@3.0.3 OK for: @mongodb-js/saslprep@1.3.2 want: ^3.0.3
282 silly fetch manifest memory-pager@^1.0.2
283 http fetch GET 200 https://registry.npmjs.org/memory-pager 129ms (cache miss)
284 timing idealTree:node_modules/@mongodb-js/saslprep Completed in 135ms
285 silly placeDep ROOT @types/whatwg-url@11.0.5 OK for: mongodb-connection-string-url@3.0.2 want: ^11.0.2
286 silly placeDep ROOT whatwg-url@14.2.0 OK for: mongodb-connection-string-url@3.0.2 want: ^14.1.0 || ^13.0.0
287 silly fetch manifest @types/webidl-conversions@*
288 silly fetch manifest tr46@^5.1.0
289 silly fetch manifest webidl-conversions@^7.0.0
290 http fetch GET 200 https://registry.npmjs.org/tr46 104ms (cache miss)
291 http fetch GET 200 https://registry.npmjs.org/webidl-conversions 114ms (cache miss)
292 http fetch GET 200 https://registry.npmjs.org/@types%2fwebidl-conversions 260ms (cache miss)
293 timing idealTree:node_modules/mongodb-connection-string-url Completed in 267ms
294 silly placeDep ROOT @types/webidl-conversions@7.0.3 OK for: @types/whatwg-url@11.0.5 want: *
295 timing idealTree:node_modules/@types/whatwg-url Completed in 3ms
296 timing idealTree:node_modules/@types/webidl-conversions Completed in 0ms
297 timing idealTree:node_modules/mpath Completed in 0ms
298 timing idealTree:node_modules/mquery Completed in 0ms
299 timing idealTree:node_modules/ms Completed in 0ms
300 timing idealTree:node_modules/negotiator Completed in 0ms
301 timing idealTree:node_modules/object-assign Completed in 0ms
302 silly placeDep ROOT ee-first@1.1.1 OK for: on-finished@2.4.1 want: 1.1.1
303 timing idealTree:node_modules/on-finished Completed in 1ms
304 timing idealTree:node_modules/ee-first Completed in 0ms
305 silly placeDep ROOT wrappy@1.0.2 OK for: once@1.4.0 want: 1
306 timing idealTree:node_modules/once Completed in 1ms
307 timing idealTree:node_modules/parseurl Completed in 0ms
308 silly placeDep ROOT forwarded@0.2.0 OK for: proxy-addr@2.0.7 want: 0.2.0
309 silly placeDep ROOT ipaddr.js@1.9.1 OK for: proxy-addr@2.0.7 want: 1.9.1
310 timing idealTree:node_modules/proxy-addr Completed in 1ms
311 timing idealTree:node_modules/forwarded Completed in 0ms
312 timing idealTree:node_modules/ipaddr.js Completed in 0ms
313 silly placeDep ROOT dijkstrajs@1.0.3 OK for: qrcode@1.5.4 want: ^1.0.1
314 silly placeDep ROOT pngjs@5.0.0 OK for: qrcode@1.5.4 want: ^5.0.0
315 silly placeDep ROOT yargs@15.4.1 OK for: qrcode@1.5.4 want: ^15.3.1
316 silly fetch manifest y18n@^4.0.0
317 silly fetch manifest cliui@^6.0.0
318 silly fetch manifest find-up@^4.1.0
319 silly fetch manifest decamelize@^1.2.0
320 silly fetch manifest set-blocking@^2.0.0
321 silly fetch manifest string-width@^4.2.0
322 silly fetch manifest which-module@^2.0.0
323 silly fetch manifest yargs-parser@^18.1.2
324 silly fetch manifest get-caller-file@^2.0.1
325 silly fetch manifest require-directory@^2.1.1
326 silly fetch manifest require-main-filename@^2.0.0
327 http fetch GET 200 https://registry.npmjs.org/cliui 73ms (cache miss)
328 http fetch GET 200 https://registry.npmjs.org/set-blocking 73ms (cache miss)
329 http fetch GET 200 https://registry.npmjs.org/find-up 75ms (cache miss)
330 http fetch GET 200 https://registry.npmjs.org/require-directory 71ms (cache miss)
331 http fetch GET 200 https://registry.npmjs.org/y18n 115ms (cache miss)
332 http fetch GET 200 https://registry.npmjs.org/get-caller-file 110ms (cache miss)
333 http fetch GET 200 https://registry.npmjs.org/string-width 112ms (cache miss)
334 http fetch GET 200 https://registry.npmjs.org/yargs-parser 114ms (cache miss)
335 http fetch GET 200 https://registry.npmjs.org/decamelize 120ms (cache miss)
336 http fetch GET 200 https://registry.npmjs.org/which-module 170ms (cache miss)
337 http fetch GET 200 https://registry.npmjs.org/require-main-filename 171ms (cache miss)
338 timing idealTree:node_modules/qrcode Completed in 183ms
339 timing idealTree:node_modules/dijkstrajs Completed in 0ms
340 timing idealTree:node_modules/pngjs Completed in 0ms
341 silly placeDep ROOT side-channel@1.1.0 OK for: qs@6.14.0 want: ^1.1.0
342 silly fetch manifest es-errors@^1.3.0
343 silly fetch manifest object-inspect@^1.13.3
344 silly fetch manifest side-channel-list@^1.0.0
345 silly fetch manifest side-channel-map@^1.0.1
346 silly fetch manifest side-channel-weakmap@^1.0.2
347 http fetch GET 200 https://registry.npmjs.org/side-channel-map 76ms (cache miss)
348 http fetch GET 200 https://registry.npmjs.org/side-channel-weakmap 79ms (cache miss)
349 http fetch GET 200 https://registry.npmjs.org/es-errors 84ms (cache miss)
350 http fetch GET 200 https://registry.npmjs.org/side-channel-list 83ms (cache miss)
351 http fetch GET 200 https://registry.npmjs.org/object-inspect 86ms (cache miss)
352 timing idealTree:node_modules/qs Completed in 90ms
353 timing idealTree:node_modules/range-parser Completed in 0ms
354 silly placeDep node_modules/raw-body iconv-lite@0.7.0 OK for: raw-body@3.0.1 want: 0.7.0
355 silly placeDep ROOT unpipe@1.0.0 OK for: raw-body@3.0.1 want: 1.0.0
356 timing idealTree:node_modules/raw-body Completed in 2ms
357 silly placeDep ROOT is-promise@4.0.0 OK for: router@2.2.0 want: ^4.0.0
358 silly placeDep ROOT path-to-regexp@8.3.0 OK for: router@2.2.0 want: ^8.0.0
359 timing idealTree:node_modules/router Completed in 1ms
360 timing idealTree:node_modules/is-promise Completed in 0ms
361 timing idealTree:node_modules/path-to-regexp Completed in 0ms
362 timing idealTree:node_modules/safe-buffer Completed in 0ms
363 timing idealTree:node_modules/safer-buffer Completed in 0ms
364 timing idealTree:node_modules/send Completed in 0ms
365 timing idealTree:node_modules/serve-static Completed in 0ms
366 timing idealTree:node_modules/setprototypeof Completed in 0ms
367 silly placeDep ROOT es-errors@1.3.0 OK for: side-channel@1.1.0 want: ^1.3.0
368 silly placeDep ROOT object-inspect@1.13.4 OK for: side-channel@1.1.0 want: ^1.13.3
369 silly placeDep ROOT side-channel-list@1.0.0 OK for: side-channel@1.1.0 want: ^1.0.0
370 silly placeDep ROOT side-channel-map@1.0.1 OK for: side-channel@1.1.0 want: ^1.0.1
371 silly placeDep ROOT side-channel-weakmap@1.0.2 OK for: side-channel@1.1.0 want: ^1.0.2
372 silly fetch manifest call-bound@^1.0.2
373 silly fetch manifest get-intrinsic@^1.2.5
374 http fetch GET 200 https://registry.npmjs.org/call-bound 42ms (cache miss)
375 http fetch GET 200 https://registry.npmjs.org/get-intrinsic 44ms (cache miss)
376 timing idealTree:node_modules/side-channel Completed in 49ms
377 timing idealTree:node_modules/es-errors Completed in 0ms
378 timing idealTree:node_modules/object-inspect Completed in 0ms
379 timing idealTree:node_modules/side-channel-list Completed in 0ms
380 silly placeDep ROOT call-bound@1.0.4 OK for: side-channel-map@1.0.1 want: ^1.0.2
381 silly placeDep ROOT get-intrinsic@1.3.0 OK for: side-channel-map@1.0.1 want: ^1.2.5
382 silly fetch manifest call-bind-apply-helpers@^1.0.2
383 silly fetch manifest gopd@^1.2.0
384 silly fetch manifest hasown@^2.0.2
385 silly fetch manifest get-proto@^1.0.1
386 silly fetch manifest has-symbols@^1.1.0
387 silly fetch manifest function-bind@^1.1.2
388 silly fetch manifest es-object-atoms@^1.1.1
389 silly fetch manifest math-intrinsics@^1.1.0
390 silly fetch manifest es-define-property@^1.0.1
391 http fetch GET 200 https://registry.npmjs.org/gopd 67ms (cache miss)
392 http fetch GET 200 https://registry.npmjs.org/call-bind-apply-helpers 70ms (cache miss)
393 http fetch GET 200 https://registry.npmjs.org/es-object-atoms 67ms (cache miss)
394 http fetch GET 200 https://registry.npmjs.org/has-symbols 69ms (cache miss)
395 http fetch GET 200 https://registry.npmjs.org/get-proto 69ms (cache miss)
396 http fetch GET 200 https://registry.npmjs.org/function-bind 70ms (cache miss)
397 http fetch GET 200 https://registry.npmjs.org/hasown 71ms (cache miss)
398 http fetch GET 200 https://registry.npmjs.org/es-define-property 69ms (cache miss)
399 http fetch GET 200 https://registry.npmjs.org/math-intrinsics 71ms (cache miss)
400 timing idealTree:node_modules/side-channel-map Completed in 76ms
401 silly placeDep ROOT call-bind-apply-helpers@1.0.2 OK for: call-bound@1.0.4 want: ^1.0.2
402 timing idealTree:node_modules/call-bound Completed in 2ms
403 silly placeDep ROOT function-bind@1.1.2 OK for: call-bind-apply-helpers@1.0.2 want: ^1.1.2
404 timing idealTree:node_modules/call-bind-apply-helpers Completed in 1ms
405 timing idealTree:node_modules/function-bind Completed in 0ms
406 silly placeDep ROOT es-define-property@1.0.1 OK for: get-intrinsic@1.3.0 want: ^1.0.1
407 silly placeDep ROOT es-object-atoms@1.1.1 OK for: get-intrinsic@1.3.0 want: ^1.1.1
408 silly placeDep ROOT get-proto@1.0.1 OK for: get-intrinsic@1.3.0 want: ^1.0.1
409 silly placeDep ROOT gopd@1.2.0 OK for: get-intrinsic@1.3.0 want: ^1.2.0
410 silly placeDep ROOT has-symbols@1.1.0 OK for: get-intrinsic@1.3.0 want: ^1.1.0
411 silly placeDep ROOT hasown@2.0.2 OK for: get-intrinsic@1.3.0 want: ^2.0.2
412 silly placeDep ROOT math-intrinsics@1.1.0 OK for: get-intrinsic@1.3.0 want: ^1.1.0
413 silly fetch manifest dunder-proto@^1.0.1
414 http fetch GET 200 https://registry.npmjs.org/dunder-proto 37ms (cache miss)
415 timing idealTree:node_modules/get-intrinsic Completed in 42ms
416 timing idealTree:node_modules/es-define-property Completed in 0ms
417 timing idealTree:node_modules/es-object-atoms Completed in 0ms
418 silly placeDep ROOT dunder-proto@1.0.1 OK for: get-proto@1.0.1 want: ^1.0.1
419 timing idealTree:node_modules/get-proto Completed in 1ms
420 timing idealTree:node_modules/dunder-proto Completed in 0ms
421 timing idealTree:node_modules/gopd Completed in 0ms
422 timing idealTree:node_modules/has-symbols Completed in 0ms
423 timing idealTree:node_modules/hasown Completed in 0ms
424 timing idealTree:node_modules/math-intrinsics Completed in 0ms
425 timing idealTree:node_modules/side-channel-weakmap Completed in 0ms
426 timing idealTree:node_modules/sift Completed in 0ms
427 silly placeDep ROOT memory-pager@1.5.0 OK for: sparse-bitfield@3.0.3 want: ^1.0.2
428 timing idealTree:node_modules/sparse-bitfield Completed in 1ms
429 timing idealTree:node_modules/memory-pager Completed in 0ms
430 timing idealTree:node_modules/statuses Completed in 0ms
431 timing idealTree:node_modules/toidentifier Completed in 0ms
432 silly placeDep ROOT media-typer@1.1.0 OK for: type-is@2.0.1 want: ^1.1.0
433 timing idealTree:node_modules/type-is Completed in 1ms
434 timing idealTree:node_modules/media-typer Completed in 0ms
435 timing idealTree:node_modules/unpipe Completed in 0ms
436 timing idealTree:node_modules/uuid Completed in 0ms
437 timing idealTree:node_modules/vary Completed in 0ms
438 silly placeDep ROOT tr46@5.1.1 OK for: whatwg-url@14.2.0 want: ^5.1.0
439 silly placeDep ROOT webidl-conversions@7.0.0 OK for: whatwg-url@14.2.0 want: ^7.0.0
440 silly fetch manifest punycode@^2.3.1
441 http fetch GET 200 https://registry.npmjs.org/punycode 39ms (cache miss)
442 timing idealTree:node_modules/whatwg-url Completed in 41ms
443 silly placeDep ROOT punycode@2.3.1 OK for: tr46@5.1.1 want: ^2.3.1
444 timing idealTree:node_modules/tr46 Completed in 0ms
445 timing idealTree:node_modules/punycode Completed in 0ms
446 timing idealTree:node_modules/webidl-conversions Completed in 0ms
447 timing idealTree:node_modules/wrappy Completed in 0ms
448 silly placeDep ROOT cliui@6.0.0 OK for: yargs@15.4.1 want: ^6.0.0
449 silly placeDep ROOT decamelize@1.2.0 OK for: yargs@15.4.1 want: ^1.2.0
450 silly placeDep ROOT find-up@4.1.0 OK for: yargs@15.4.1 want: ^4.1.0
451 silly placeDep ROOT get-caller-file@2.0.5 OK for: yargs@15.4.1 want: ^2.0.1
452 silly placeDep ROOT require-directory@2.1.1 OK for: yargs@15.4.1 want: ^2.1.1
453 silly placeDep ROOT require-main-filename@2.0.0 OK for: yargs@15.4.1 want: ^2.0.0
454 silly placeDep ROOT set-blocking@2.0.0 OK for: yargs@15.4.1 want: ^2.0.0
455 silly placeDep ROOT string-width@4.2.3 OK for: yargs@15.4.1 want: ^4.2.0
456 silly placeDep ROOT which-module@2.0.1 OK for: yargs@15.4.1 want: ^2.0.0
457 silly placeDep ROOT y18n@4.0.3 OK for: yargs@15.4.1 want: ^4.0.0
458 silly placeDep ROOT yargs-parser@18.1.3 OK for: yargs@15.4.1 want: ^18.1.2
459 silly fetch manifest wrap-ansi@^6.2.0
460 silly fetch manifest strip-ansi@^6.0.0
461 silly fetch manifest locate-path@^5.0.0
462 silly fetch manifest path-exists@^4.0.0
463 silly fetch manifest strip-ansi@^6.0.1
464 silly fetch manifest emoji-regex@^8.0.0
465 silly fetch manifest is-fullwidth-code-point@^3.0.0
466 silly fetch manifest camelcase@^5.0.0
467 http fetch GET 200 https://registry.npmjs.org/wrap-ansi 60ms (cache miss)
468 http fetch GET 200 https://registry.npmjs.org/locate-path 59ms (cache miss)
469 http fetch GET 200 https://registry.npmjs.org/path-exists 60ms (cache miss)
470 http fetch GET 200 https://registry.npmjs.org/strip-ansi 61ms (cache miss)
471 http fetch GET 200 https://registry.npmjs.org/is-fullwidth-code-point 60ms (cache miss)
472 http fetch GET 200 https://registry.npmjs.org/strip-ansi 65ms (cache miss)
473 http fetch GET 200 https://registry.npmjs.org/emoji-regex 63ms (cache miss)
474 http fetch GET 200 https://registry.npmjs.org/camelcase 67ms (cache miss)
475 timing idealTree:node_modules/yargs Completed in 83ms
476 silly placeDep ROOT strip-ansi@6.0.1 OK for: cliui@6.0.0 want: ^6.0.0
477 silly placeDep ROOT wrap-ansi@6.2.0 OK for: cliui@6.0.0 want: ^6.2.0
478 silly fetch manifest ansi-regex@^5.0.1
479 silly fetch manifest ansi-styles@^4.0.0
480 http fetch GET 200 https://registry.npmjs.org/ansi-styles 53ms (cache miss)
481 http fetch GET 200 https://registry.npmjs.org/ansi-regex 55ms (cache miss)
482 timing idealTree:node_modules/cliui Completed in 58ms
483 timing idealTree:node_modules/decamelize Completed in 0ms
484 silly placeDep ROOT locate-path@5.0.0 OK for: find-up@4.1.0 want: ^5.0.0
485 silly placeDep ROOT path-exists@4.0.0 OK for: find-up@4.1.0 want: ^4.0.0
486 silly fetch manifest p-locate@^4.1.0
487 http fetch GET 200 https://registry.npmjs.org/p-locate 44ms (cache miss)
488 timing idealTree:node_modules/find-up Completed in 49ms
489 timing idealTree:node_modules/get-caller-file Completed in 0ms
490 silly placeDep ROOT p-locate@4.1.0 OK for: locate-path@5.0.0 want: ^4.1.0
491 silly fetch manifest p-limit@^2.2.0
492 http fetch GET 200 https://registry.npmjs.org/p-limit 46ms (cache miss)
493 timing idealTree:node_modules/locate-path Completed in 50ms
494 silly placeDep ROOT p-limit@2.3.0 OK for: p-locate@4.1.0 want: ^2.2.0
495 silly fetch manifest p-try@^2.0.0
496 http fetch GET 200 https://registry.npmjs.org/p-try 147ms (cache miss)
497 timing idealTree:node_modules/p-locate Completed in 149ms
498 silly placeDep ROOT p-try@2.2.0 OK for: p-limit@2.3.0 want: ^2.0.0
499 timing idealTree:node_modules/p-limit Completed in 1ms
500 timing idealTree:node_modules/p-try Completed in 0ms
501 timing idealTree:node_modules/path-exists Completed in 0ms
502 timing idealTree:node_modules/require-directory Completed in 0ms
503 timing idealTree:node_modules/require-main-filename Completed in 0ms
504 timing idealTree:node_modules/set-blocking Completed in 0ms
505 silly placeDep ROOT emoji-regex@8.0.0 OK for: string-width@4.2.3 want: ^8.0.0
506 silly placeDep ROOT is-fullwidth-code-point@3.0.0 OK for: string-width@4.2.3 want: ^3.0.0
507 timing idealTree:node_modules/string-width Completed in 1ms
508 timing idealTree:node_modules/emoji-regex Completed in 0ms
509 timing idealTree:node_modules/is-fullwidth-code-point Completed in 0ms
510 silly placeDep ROOT ansi-regex@5.0.1 OK for: strip-ansi@6.0.1 want: ^5.0.1
511 timing idealTree:node_modules/strip-ansi Completed in 1ms
512 timing idealTree:node_modules/ansi-regex Completed in 0ms
513 timing idealTree:node_modules/which-module Completed in 0ms
514 silly placeDep ROOT ansi-styles@4.3.0 OK for: wrap-ansi@6.2.0 want: ^4.0.0
515 silly fetch manifest color-convert@^2.0.1
516 http fetch GET 200 https://registry.npmjs.org/color-convert 35ms (cache miss)
517 timing idealTree:node_modules/wrap-ansi Completed in 37ms
518 silly placeDep ROOT color-convert@2.0.1 OK for: ansi-styles@4.3.0 want: ^2.0.1
519 silly fetch manifest color-name@~1.1.4
520 http fetch GET 200 https://registry.npmjs.org/color-name 37ms (cache miss)
521 timing idealTree:node_modules/ansi-styles Completed in 40ms
522 silly placeDep ROOT color-name@1.1.4 OK for: color-convert@2.0.1 want: ~1.1.4
523 timing idealTree:node_modules/color-convert Completed in 1ms
524 timing idealTree:node_modules/color-name Completed in 0ms
525 timing idealTree:node_modules/y18n Completed in 0ms
526 silly placeDep ROOT camelcase@5.3.1 OK for: yargs-parser@18.1.3 want: ^5.0.0
527 timing idealTree:node_modules/yargs-parser Completed in 1ms
528 timing idealTree:node_modules/camelcase Completed in 0ms
529 timing idealTree:node_modules/http-errors/node_modules/statuses Completed in 0ms
530 timing idealTree:node_modules/raw-body/node_modules/iconv-lite Completed in 0ms
531 timing idealTree:buildDeps Completed in 4446ms
532 timing idealTree:fixDepFlags Completed in 2ms
533 timing idealTree Completed in 4467ms
534 timing reify:loadTrees Completed in 4468ms
535 timing reify:diffTrees Completed in 4ms
536 silly reify moves {}
537 timing reify:retireShallow Completed in 2ms
538 timing reify:createSparse Completed in 44ms
539 timing reify:loadBundles Completed in 0ms
540 silly audit bulk request {
540 silly audit   cors: [ '2.8.5' ],
540 silly audit   dotenv: [ '17.2.3' ],
540 silly audit   express: [ '5.1.0' ],
540 silly audit   mongoose: [ '8.19.2' ],
540 silly audit   qrcode: [ '1.5.4' ],
540 silly audit   uuid: [ '13.0.0' ],
540 silly audit   'object-assign': [ '4.1.1' ],
540 silly audit   vary: [ '1.1.2' ],
540 silly audit   accepts: [ '2.0.0' ],
540 silly audit   'body-parser': [ '2.2.0' ],
540 silly audit   'content-disposition': [ '1.0.0' ],
540 silly audit   'content-type': [ '1.0.5' ],
540 silly audit   cookie: [ '0.7.2' ],
540 silly audit   'cookie-signature': [ '1.2.2' ],
540 silly audit   debug: [ '4.4.3' ],
540 silly audit   encodeurl: [ '2.0.0' ],
540 silly audit   'escape-html': [ '1.0.3' ],
540 silly audit   etag: [ '1.8.1' ],
540 silly audit   finalhandler: [ '2.1.0' ],
540 silly audit   fresh: [ '2.0.0' ],
540 silly audit   'http-errors': [ '2.0.0' ],
540 silly audit   'merge-descriptors': [ '2.0.0' ],
540 silly audit   'mime-types': [ '3.0.1' ],
540 silly audit   'on-finished': [ '2.4.1' ],
540 silly audit   once: [ '1.4.0' ],
540 silly audit   parseurl: [ '1.3.3' ],
540 silly audit   'proxy-addr': [ '2.0.7' ],
540 silly audit   qs: [ '6.14.0' ],
540 silly audit   'range-parser': [ '1.2.1' ],
540 silly audit   router: [ '2.2.0' ],
540 silly audit   send: [ '1.2.0' ],
540 silly audit   'serve-static': [ '2.2.0' ],
540 silly audit   statuses: [ '2.0.2', '2.0.1' ],
540 silly audit   'type-is': [ '2.0.1' ],
540 silly audit   negotiator: [ '1.0.0' ],
540 silly audit   bytes: [ '3.1.2' ],
540 silly audit   'iconv-lite': [ '0.6.3', '0.7.0' ],
540 silly audit   'raw-body': [ '3.0.1' ],
540 silly audit   'safe-buffer': [ '5.2.1' ],
540 silly audit   ms: [ '2.1.3' ],
540 silly audit   depd: [ '2.0.0' ],
540 silly audit   inherits: [ '2.0.4' ],
540 silly audit   setprototypeof: [ '1.2.0' ],
540 silly audit   toidentifier: [ '1.0.1' ],
540 silly audit   'safer-buffer': [ '2.1.2' ],
540 silly audit   'mime-db': [ '1.54.0' ],
540 silly audit   bson: [ '6.10.4' ],
540 silly audit   kareem: [ '2.6.3' ],
540 silly audit   mongodb: [ '6.20.0' ],
540 silly audit   mpath: [ '0.9.0' ],
540 silly audit   mquery: [ '5.0.0' ],
540 silly audit   sift: [ '17.1.3' ],
540 silly audit   '@mongodb-js/saslprep': [ '1.3.2' ],
540 silly audit   'mongodb-connection-string-url': [ '3.0.2' ],
540 silly audit   'sparse-bitfield': [ '3.0.3' ],
540 silly audit   '@types/whatwg-url': [ '11.0.5' ],
540 silly audit   'whatwg-url': [ '14.2.0' ],
540 silly audit   '@types/webidl-conversions': [ '7.0.3' ],
540 silly audit   'ee-first': [ '1.1.1' ],
540 silly audit   wrappy: [ '1.0.2' ],
540 silly audit   forwarded: [ '0.2.0' ],
540 silly audit   'ipaddr.js': [ '1.9.1' ],
540 silly audit   dijkstrajs: [ '1.0.3' ],
540 silly audit   pngjs: [ '5.0.0' ],
540 silly audit   yargs: [ '15.4.1' ],
540 silly audit   'side-channel': [ '1.1.0' ],
540 silly audit   unpipe: [ '1.0.0' ],
540 silly audit   'is-promise': [ '4.0.0' ],
540 silly audit   'path-to-regexp': [ '8.3.0' ],
540 silly audit   'es-errors': [ '1.3.0' ],
540 silly audit   'object-inspect': [ '1.13.4' ],
540 silly audit   'side-channel-list': [ '1.0.0' ],
540 silly audit   'side-channel-map': [ '1.0.1' ],
540 silly audit   'side-channel-weakmap': [ '1.0.2' ],
540 silly audit   'call-bound': [ '1.0.4' ],
540 silly audit   'get-intrinsic': [ '1.3.0' ],
540 silly audit   'call-bind-apply-helpers': [ '1.0.2' ],
540 silly audit   'function-bind': [ '1.1.2' ],
540 silly audit   'es-define-property': [ '1.0.1' ],
540 silly audit   'es-object-atoms': [ '1.1.1' ],
540 silly audit   'get-proto': [ '1.0.1' ],
540 silly audit   gopd: [ '1.2.0' ],
540 silly audit   'has-symbols': [ '1.1.0' ],
540 silly audit   hasown: [ '2.0.2' ],
540 silly audit   'math-intrinsics': [ '1.1.0' ],
540 silly audit   'dunder-proto': [ '1.0.1' ],
540 silly audit   'memory-pager': [ '1.5.0' ],
540 silly audit   'media-typer': [ '1.1.0' ],
540 silly audit   tr46: [ '5.1.1' ],
540 silly audit   'webidl-conversions': [ '7.0.0' ],
540 silly audit   punycode: [ '2.3.1' ],
540 silly audit   cliui: [ '6.0.0' ],
540 silly audit   decamelize: [ '1.2.0' ],
540 silly audit   'find-up': [ '4.1.0' ],
540 silly audit   'get-caller-file': [ '2.0.5' ],
540 silly audit   'require-directory': [ '2.1.1' ],
540 silly audit   'require-main-filename': [ '2.0.0' ],
540 silly audit   'set-blocking': [ '2.0.0' ],
540 silly audit   'string-width': [ '4.2.3' ],
540 silly audit   'which-module': [ '2.0.1' ],
540 silly audit   y18n: [ '4.0.3' ],
540 silly audit   'yargs-parser': [ '18.1.3' ],
540 silly audit   'strip-ansi': [ '6.0.1' ],
540 silly audit   'wrap-ansi': [ '6.2.0' ],
540 silly audit   'locate-path': [ '5.0.0' ],
540 silly audit   'path-exists': [ '4.0.0' ],
540 silly audit   'p-locate': [ '4.1.0' ],
540 silly audit   'p-limit': [ '2.3.0' ],
540 silly audit   'p-try': [ '2.2.0' ],
540 silly audit   'emoji-regex': [ '8.0.0' ],
540 silly audit   'is-fullwidth-code-point': [ '3.0.0' ],
540 silly audit   'ansi-regex': [ '5.0.1' ],
540 silly audit   'ansi-styles': [ '4.3.0' ],
540 silly audit   'color-convert': [ '2.0.1' ],
540 silly audit   'color-name': [ '1.1.4' ],
540 silly audit   camelcase: [ '5.3.1' ]
540 silly audit }
541 silly tarball no local data for color-convert@https://registry.npmjs.org/color-convert/-/color-convert-2.0.1.tgz. Extracting by manifest.
542 silly tarball no local data for ansi-styles@https://registry.npmjs.org/ansi-styles/-/ansi-styles-4.3.0.tgz. Extracting by manifest.
543 silly tarball no local data for color-name@https://registry.npmjs.org/color-name/-/color-name-1.1.4.tgz. Extracting by manifest.
544 silly tarball no local data for camelcase@https://registry.npmjs.org/camelcase/-/camelcase-5.3.1.tgz. Extracting by manifest.
545 silly tarball no local data for ansi-regex@https://registry.npmjs.org/ansi-regex/-/ansi-regex-5.0.1.tgz. Extracting by manifest.
546 silly tarball no local data for emoji-regex@https://registry.npmjs.org/emoji-regex/-/emoji-regex-8.0.0.tgz. Extracting by manifest.
547 silly tarball no local data for is-fullwidth-code-point@https://registry.npmjs.org/is-fullwidth-code-point/-/is-fullwidth-code-point-3.0.0.tgz. Extracting by manifest.
548 silly tarball no local data for p-try@https://registry.npmjs.org/p-try/-/p-try-2.2.0.tgz. Extracting by manifest.
549 silly tarball no local data for p-limit@https://registry.npmjs.org/p-limit/-/p-limit-2.3.0.tgz. Extracting by manifest.
550 silly tarball no local data for p-locate@https://registry.npmjs.org/p-locate/-/p-locate-4.1.0.tgz. Extracting by manifest.
551 silly tarball no local data for locate-path@https://registry.npmjs.org/locate-path/-/locate-path-5.0.0.tgz. Extracting by manifest.
552 silly tarball no local data for path-exists@https://registry.npmjs.org/path-exists/-/path-exists-4.0.0.tgz. Extracting by manifest.
553 silly tarball no local data for wrap-ansi@https://registry.npmjs.org/wrap-ansi/-/wrap-ansi-6.2.0.tgz. Extracting by manifest.
554 silly tarball no local data for strip-ansi@https://registry.npmjs.org/strip-ansi/-/strip-ansi-6.0.1.tgz. Extracting by manifest.
555 silly tarball no local data for yargs-parser@https://registry.npmjs.org/yargs-parser/-/yargs-parser-18.1.3.tgz. Extracting by manifest.
556 silly tarball no local data for y18n@https://registry.npmjs.org/y18n/-/y18n-4.0.3.tgz. Extracting by manifest.
557 silly tarball no local data for which-module@https://registry.npmjs.org/which-module/-/which-module-2.0.1.tgz. Extracting by manifest.
558 silly tarball no local data for string-width@https://registry.npmjs.org/string-width/-/string-width-4.2.3.tgz. Extracting by manifest.
559 silly tarball no local data for set-blocking@https://registry.npmjs.org/set-blocking/-/set-blocking-2.0.0.tgz. Extracting by manifest.
560 silly tarball no local data for require-main-filename@https://registry.npmjs.org/require-main-filename/-/require-main-filename-2.0.0.tgz. Extracting by manifest.
561 silly tarball no local data for require-directory@https://registry.npmjs.org/require-directory/-/require-directory-2.1.1.tgz. Extracting by manifest.
562 silly tarball no local data for get-caller-file@https://registry.npmjs.org/get-caller-file/-/get-caller-file-2.0.5.tgz. Extracting by manifest.
563 silly tarball no local data for find-up@https://registry.npmjs.org/find-up/-/find-up-4.1.0.tgz. Extracting by manifest.
564 silly tarball no local data for decamelize@https://registry.npmjs.org/decamelize/-/decamelize-1.2.0.tgz. Extracting by manifest.
565 silly tarball no local data for punycode@https://registry.npmjs.org/punycode/-/punycode-2.3.1.tgz. Extracting by manifest.
566 silly tarball no local data for cliui@https://registry.npmjs.org/cliui/-/cliui-6.0.0.tgz. Extracting by manifest.
567 silly tarball no local data for webidl-conversions@https://registry.npmjs.org/webidl-conversions/-/webidl-conversions-7.0.0.tgz. Extracting by manifest.
568 silly tarball no local data for tr46@https://registry.npmjs.org/tr46/-/tr46-5.1.1.tgz. Extracting by manifest.
569 silly tarball no local data for media-typer@https://registry.npmjs.org/media-typer/-/media-typer-1.1.0.tgz. Extracting by manifest.
570 silly tarball no local data for memory-pager@https://registry.npmjs.org/memory-pager/-/memory-pager-1.5.0.tgz. Extracting by manifest.
571 silly tarball no local data for dunder-proto@https://registry.npmjs.org/dunder-proto/-/dunder-proto-1.0.1.tgz. Extracting by manifest.
572 silly tarball no local data for math-intrinsics@https://registry.npmjs.org/math-intrinsics/-/math-intrinsics-1.1.0.tgz. Extracting by manifest.
573 silly tarball no local data for hasown@https://registry.npmjs.org/hasown/-/hasown-2.0.2.tgz. Extracting by manifest.
574 silly tarball no local data for has-symbols@https://registry.npmjs.org/has-symbols/-/has-symbols-1.1.0.tgz. Extracting by manifest.
575 silly tarball no local data for gopd@https://registry.npmjs.org/gopd/-/gopd-1.2.0.tgz. Extracting by manifest.
576 silly tarball no local data for get-proto@https://registry.npmjs.org/get-proto/-/get-proto-1.0.1.tgz. Extracting by manifest.
577 silly tarball no local data for es-object-atoms@https://registry.npmjs.org/es-object-atoms/-/es-object-atoms-1.1.1.tgz. Extracting by manifest.
578 silly tarball no local data for es-define-property@https://registry.npmjs.org/es-define-property/-/es-define-property-1.0.1.tgz. Extracting by manifest.
579 silly tarball no local data for call-bind-apply-helpers@https://registry.npmjs.org/call-bind-apply-helpers/-/call-bind-apply-helpers-1.0.2.tgz. Extracting by manifest.
580 silly tarball no local data for function-bind@https://registry.npmjs.org/function-bind/-/function-bind-1.1.2.tgz. Extracting by manifest.
581 silly tarball no local data for get-intrinsic@https://registry.npmjs.org/get-intrinsic/-/get-intrinsic-1.3.0.tgz. Extracting by manifest.
582 silly tarball no local data for call-bound@https://registry.npmjs.org/call-bound/-/call-bound-1.0.4.tgz. Extracting by manifest.
583 silly tarball no local data for side-channel-map@https://registry.npmjs.org/side-channel-map/-/side-channel-map-1.0.1.tgz. Extracting by manifest.
584 silly tarball no local data for side-channel-weakmap@https://registry.npmjs.org/side-channel-weakmap/-/side-channel-weakmap-1.0.2.tgz. Extracting by manifest.
585 silly tarball no local data for side-channel-list@https://registry.npmjs.org/side-channel-list/-/side-channel-list-1.0.0.tgz. Extracting by manifest.
586 silly tarball no local data for object-inspect@https://registry.npmjs.org/object-inspect/-/object-inspect-1.13.4.tgz. Extracting by manifest.
587 silly tarball no local data for path-to-regexp@https://registry.npmjs.org/path-to-regexp/-/path-to-regexp-8.3.0.tgz. Extracting by manifest.
588 silly tarball no local data for es-errors@https://registry.npmjs.org/es-errors/-/es-errors-1.3.0.tgz. Extracting by manifest.
589 silly tarball no local data for is-promise@https://registry.npmjs.org/is-promise/-/is-promise-4.0.0.tgz. Extracting by manifest.
590 silly tarball no local data for side-channel@https://registry.npmjs.org/side-channel/-/side-channel-1.1.0.tgz. Extracting by manifest.
591 silly tarball no local data for unpipe@https://registry.npmjs.org/unpipe/-/unpipe-1.0.0.tgz. Extracting by manifest.
592 silly tarball no local data for pngjs@https://registry.npmjs.org/pngjs/-/pngjs-5.0.0.tgz. Extracting by manifest.
593 silly tarball no local data for yargs@https://registry.npmjs.org/yargs/-/yargs-15.4.1.tgz. Extracting by manifest.
594 silly tarball no local data for dijkstrajs@https://registry.npmjs.org/dijkstrajs/-/dijkstrajs-1.0.3.tgz. Extracting by manifest.
595 silly tarball no local data for ipaddr.js@https://registry.npmjs.org/ipaddr.js/-/ipaddr.js-1.9.1.tgz. Extracting by manifest.
596 silly tarball no local data for forwarded@https://registry.npmjs.org/forwarded/-/forwarded-0.2.0.tgz. Extracting by manifest.
597 silly tarball no local data for wrappy@https://registry.npmjs.org/wrappy/-/wrappy-1.0.2.tgz. Extracting by manifest.
598 silly tarball no local data for ee-first@https://registry.npmjs.org/ee-first/-/ee-first-1.1.1.tgz. Extracting by manifest.
599 silly tarball no local data for @types/webidl-conversions@https://registry.npmjs.org/@types/webidl-conversions/-/webidl-conversions-7.0.3.tgz. Extracting by manifest.
600 silly tarball no local data for whatwg-url@https://registry.npmjs.org/whatwg-url/-/whatwg-url-14.2.0.tgz. Extracting by manifest.
601 silly tarball no local data for sparse-bitfield@https://registry.npmjs.org/sparse-bitfield/-/sparse-bitfield-3.0.3.tgz. Extracting by manifest.
602 silly tarball no local data for @types/whatwg-url@https://registry.npmjs.org/@types/whatwg-url/-/whatwg-url-11.0.5.tgz. Extracting by manifest.
603 silly tarball no local data for mongodb-connection-string-url@https://registry.npmjs.org/mongodb-connection-string-url/-/mongodb-connection-string-url-3.0.2.tgz. Extracting by manifest.
604 silly tarball no local data for @mongodb-js/saslprep@https://registry.npmjs.org/@mongodb-js/saslprep/-/saslprep-1.3.2.tgz. Extracting by manifest.
605 silly tarball no local data for sift@https://registry.npmjs.org/sift/-/sift-17.1.3.tgz. Extracting by manifest.
606 silly tarball no local data for mpath@https://registry.npmjs.org/mpath/-/mpath-0.9.0.tgz. Extracting by manifest.
607 silly tarball no local data for mquery@https://registry.npmjs.org/mquery/-/mquery-5.0.0.tgz. Extracting by manifest.
608 silly tarball no local data for mongodb@https://registry.npmjs.org/mongodb/-/mongodb-6.20.0.tgz. Extracting by manifest.
609 silly tarball no local data for kareem@https://registry.npmjs.org/kareem/-/kareem-2.6.3.tgz. Extracting by manifest.
610 silly tarball no local data for bson@https://registry.npmjs.org/bson/-/bson-6.10.4.tgz. Extracting by manifest.
611 silly tarball no local data for mime-db@https://registry.npmjs.org/mime-db/-/mime-db-1.54.0.tgz. Extracting by manifest.
612 silly tarball no local data for safer-buffer@https://registry.npmjs.org/safer-buffer/-/safer-buffer-2.1.2.tgz. Extracting by manifest.
613 silly tarball no local data for toidentifier@https://registry.npmjs.org/toidentifier/-/toidentifier-1.0.1.tgz. Extracting by manifest.
614 silly tarball no local data for setprototypeof@https://registry.npmjs.org/setprototypeof/-/setprototypeof-1.2.0.tgz. Extracting by manifest.
615 silly tarball no local data for inherits@https://registry.npmjs.org/inherits/-/inherits-2.0.4.tgz. Extracting by manifest.
616 silly tarball no local data for depd@https://registry.npmjs.org/depd/-/depd-2.0.0.tgz. Extracting by manifest.
617 silly tarball no local data for safe-buffer@https://registry.npmjs.org/safe-buffer/-/safe-buffer-5.2.1.tgz. Extracting by manifest.
618 silly tarball no local data for raw-body@https://registry.npmjs.org/raw-body/-/raw-body-3.0.1.tgz. Extracting by manifest.
619 silly tarball no local data for ms@https://registry.npmjs.org/ms/-/ms-2.1.3.tgz. Extracting by manifest.
620 silly tarball no local data for iconv-lite@https://registry.npmjs.org/iconv-lite/-/iconv-lite-0.6.3.tgz. Extracting by manifest.
621 silly tarball no local data for bytes@https://registry.npmjs.org/bytes/-/bytes-3.1.2.tgz. Extracting by manifest.
622 silly tarball no local data for negotiator@https://registry.npmjs.org/negotiator/-/negotiator-1.0.0.tgz. Extracting by manifest.
623 silly tarball no local data for statuses@https://registry.npmjs.org/statuses/-/statuses-2.0.2.tgz. Extracting by manifest.
624 silly tarball no local data for type-is@https://registry.npmjs.org/type-is/-/type-is-2.0.1.tgz. Extracting by manifest.
625 silly tarball no local data for serve-static@https://registry.npmjs.org/serve-static/-/serve-static-2.2.0.tgz. Extracting by manifest.
626 silly tarball no local data for send@https://registry.npmjs.org/send/-/send-1.2.0.tgz. Extracting by manifest.
627 silly tarball no local data for router@https://registry.npmjs.org/router/-/router-2.2.0.tgz. Extracting by manifest.
628 silly tarball no local data for qs@https://registry.npmjs.org/qs/-/qs-6.14.0.tgz. Extracting by manifest.
629 silly tarball no local data for range-parser@https://registry.npmjs.org/range-parser/-/range-parser-1.2.1.tgz. Extracting by manifest.
630 silly tarball no local data for parseurl@https://registry.npmjs.org/parseurl/-/parseurl-1.3.3.tgz. Extracting by manifest.
631 silly tarball no local data for proxy-addr@https://registry.npmjs.org/proxy-addr/-/proxy-addr-2.0.7.tgz. Extracting by manifest.
632 silly tarball no local data for on-finished@https://registry.npmjs.org/on-finished/-/on-finished-2.4.1.tgz. Extracting by manifest.
633 silly tarball no local data for mime-types@https://registry.npmjs.org/mime-types/-/mime-types-3.0.1.tgz. Extracting by manifest.
634 silly tarball no local data for merge-descriptors@https://registry.npmjs.org/merge-descriptors/-/merge-descriptors-2.0.0.tgz. Extracting by manifest.
635 silly tarball no local data for http-errors@https://registry.npmjs.org/http-errors/-/http-errors-2.0.0.tgz. Extracting by manifest.
636 silly tarball no local data for once@https://registry.npmjs.org/once/-/once-1.4.0.tgz. Extracting by manifest.
637 silly tarball no local data for fresh@https://registry.npmjs.org/fresh/-/fresh-2.0.0.tgz. Extracting by manifest.
638 silly tarball no local data for finalhandler@https://registry.npmjs.org/finalhandler/-/finalhandler-2.1.0.tgz. Extracting by manifest.
639 silly tarball no local data for etag@https://registry.npmjs.org/etag/-/etag-1.8.1.tgz. Extracting by manifest.
640 silly tarball no local data for escape-html@https://registry.npmjs.org/escape-html/-/escape-html-1.0.3.tgz. Extracting by manifest.
641 silly tarball no local data for encodeurl@https://registry.npmjs.org/encodeurl/-/encodeurl-2.0.0.tgz. Extracting by manifest.
642 silly tarball no local data for debug@https://registry.npmjs.org/debug/-/debug-4.4.3.tgz. Extracting by manifest.
643 silly tarball no local data for cookie-signature@https://registry.npmjs.org/cookie-signature/-/cookie-signature-1.2.2.tgz. Extracting by manifest.
644 silly tarball no local data for cookie@https://registry.npmjs.org/cookie/-/cookie-0.7.2.tgz. Extracting by manifest.
645 silly tarball no local data for content-type@https://registry.npmjs.org/content-type/-/content-type-1.0.5.tgz. Extracting by manifest.
646 silly tarball no local data for content-disposition@https://registry.npmjs.org/content-disposition/-/content-disposition-1.0.0.tgz. Extracting by manifest.
647 silly tarball no local data for body-parser@https://registry.npmjs.org/body-parser/-/body-parser-2.2.0.tgz. Extracting by manifest.
648 silly tarball no local data for accepts@https://registry.npmjs.org/accepts/-/accepts-2.0.0.tgz. Extracting by manifest.
649 silly tarball no local data for object-assign@https://registry.npmjs.org/object-assign/-/object-assign-4.1.1.tgz. Extracting by manifest.
650 silly tarball no local data for uuid@https://registry.npmjs.org/uuid/-/uuid-13.0.0.tgz. Extracting by manifest.
651 silly tarball no local data for qrcode@https://registry.npmjs.org/qrcode/-/qrcode-1.5.4.tgz. Extracting by manifest.
652 silly tarball no local data for mongoose@https://registry.npmjs.org/mongoose/-/mongoose-8.19.2.tgz. Extracting by manifest.
653 silly tarball no local data for vary@https://registry.npmjs.org/vary/-/vary-1.1.2.tgz. Extracting by manifest.
654 silly tarball no local data for express@https://registry.npmjs.org/express/-/express-5.1.0.tgz. Extracting by manifest.
655 silly tarball no local data for dotenv@https://registry.npmjs.org/dotenv/-/dotenv-17.2.3.tgz. Extracting by manifest.
656 silly tarball no local data for cors@https://registry.npmjs.org/cors/-/cors-2.8.5.tgz. Extracting by manifest.
657 silly tarball no local data for iconv-lite@https://registry.npmjs.org/iconv-lite/-/iconv-lite-0.7.0.tgz. Extracting by manifest.
658 silly tarball no local data for statuses@https://registry.npmjs.org/statuses/-/statuses-2.0.1.tgz. Extracting by manifest.
659 http fetch POST 200 https://registry.npmjs.org/-/npm/v1/security/advisories/bulk 381ms
660 timing auditReport:getReport Completed in 388ms
661 silly audit report {}
662 timing auditReport:init Completed in 0ms
663 timing reify:audit Completed in 390ms
664 http fetch GET 200 https://registry.npmjs.org/camelcase/-/camelcase-5.3.1.tgz 718ms (cache miss)
665 http fetch GET 200 https://registry.npmjs.org/p-limit/-/p-limit-2.3.0.tgz 709ms (cache miss)
666 http fetch GET 200 https://registry.npmjs.org/path-exists/-/path-exists-4.0.0.tgz 790ms (cache miss)
667 http fetch GET 200 https://registry.npmjs.org/wrap-ansi/-/wrap-ansi-6.2.0.tgz 816ms (cache miss)
668 timing reifyNode:node_modules/wrap-ansi Completed in 922ms
669 http fetch GET 200 https://registry.npmjs.org/strip-ansi/-/strip-ansi-6.0.1.tgz 816ms (cache miss)
670 http fetch GET 200 https://registry.npmjs.org/ansi-regex/-/ansi-regex-5.0.1.tgz 835ms (cache miss)
671 http fetch GET 200 https://registry.npmjs.org/decamelize/-/decamelize-1.2.0.tgz 811ms (cache miss)
672 http fetch GET 200 https://registry.npmjs.org/color-name/-/color-name-1.1.4.tgz 933ms (cache miss)
673 timing reifyNode:node_modules/color-name Completed in 1022ms
674 http fetch GET 200 https://registry.npmjs.org/p-locate/-/p-locate-4.1.0.tgz 944ms (cache miss)
675 http fetch GET 200 https://registry.npmjs.org/set-blocking/-/set-blocking-2.0.0.tgz 945ms (cache miss)
676 timing reifyNode:node_modules/decamelize Completed in 1054ms
677 http fetch GET 200 https://registry.npmjs.org/memory-pager/-/memory-pager-1.5.0.tgz 937ms (cache miss)
678 http fetch GET 200 https://registry.npmjs.org/get-caller-file/-/get-caller-file-2.0.5.tgz 1066ms (cache miss)
679 timing reifyNode:node_modules/camelcase Completed in 1181ms
680 timing reifyNode:node_modules/path-exists Completed in 1182ms
681 timing reifyNode:node_modules/p-limit Completed in 1182ms
682 timing reifyNode:node_modules/strip-ansi Completed in 1182ms
683 timing reifyNode:node_modules/ansi-regex Completed in 1183ms
684 timing reifyNode:node_modules/p-locate Completed in 1187ms
685 http fetch GET 200 https://registry.npmjs.org/require-main-filename/-/require-main-filename-2.0.0.tgz 1077ms (cache miss)
686 http fetch GET 200 https://registry.npmjs.org/p-try/-/p-try-2.2.0.tgz 1132ms (cache miss)
687 timing reifyNode:node_modules/p-try Completed in 1227ms
688 http fetch GET 200 https://registry.npmjs.org/is-fullwidth-code-point/-/is-fullwidth-code-point-3.0.0.tgz 1135ms (cache miss)
689 timing reifyNode:node_modules/is-fullwidth-code-point Completed in 1231ms
690 http fetch GET 200 https://registry.npmjs.org/string-width/-/string-width-4.2.3.tgz 1123ms (cache miss)
691 timing reifyNode:node_modules/set-blocking Completed in 1232ms
692 http fetch GET 200 https://registry.npmjs.org/find-up/-/find-up-4.1.0.tgz 1120ms (cache miss)
693 http fetch GET 200 https://registry.npmjs.org/webidl-conversions/-/webidl-conversions-7.0.0.tgz 1132ms (cache miss)
694 timing reifyNode:node_modules/webidl-conversions Completed in 1249ms
695 http fetch GET 200 https://registry.npmjs.org/ansi-styles/-/ansi-styles-4.3.0.tgz 1258ms (cache miss)
696 timing reifyNode:node_modules/ansi-styles Completed in 1346ms
697 timing reifyNode:node_modules/require-main-filename Completed in 1344ms
698 http fetch GET 200 https://registry.npmjs.org/which-module/-/which-module-2.0.1.tgz 1238ms (cache miss)
699 timing reifyNode:node_modules/which-module Completed in 1346ms
700 http fetch GET 200 https://registry.npmjs.org/media-typer/-/media-typer-1.1.0.tgz 1235ms (cache miss)
701 http fetch GET 200 https://registry.npmjs.org/unpipe/-/unpipe-1.0.0.tgz 1218ms (cache miss)
702 http fetch GET 200 https://registry.npmjs.org/locate-path/-/locate-path-5.0.0.tgz 1313ms (cache miss)
703 timing reifyNode:node_modules/locate-path Completed in 1416ms
704 timing reifyNode:node_modules/string-width Completed in 1416ms
705 timing reifyNode:node_modules/find-up Completed in 1416ms
706 http fetch GET 200 https://registry.npmjs.org/punycode/-/punycode-2.3.1.tgz 1301ms (cache miss)
707 http fetch GET 200 https://registry.npmjs.org/cliui/-/cliui-6.0.0.tgz 1300ms (cache miss)
708 http fetch GET 200 https://registry.npmjs.org/dijkstrajs/-/dijkstrajs-1.0.3.tgz 1288ms (cache miss)
709 http fetch GET 200 https://registry.npmjs.org/y18n/-/y18n-4.0.3.tgz 1363ms (cache miss)
710 timing reifyNode:node_modules/y18n Completed in 1470ms
711 timing reifyNode:node_modules/cliui Completed in 1470ms
712 timing reifyNode:node_modules/media-typer Completed in 1470ms
713 http fetch GET 200 https://registry.npmjs.org/forwarded/-/forwarded-0.2.0.tgz 1320ms (cache miss)
714 http fetch GET 200 https://registry.npmjs.org/side-channel-weakmap/-/side-channel-weakmap-1.0.2.tgz 1416ms (cache miss)
715 http fetch GET 200 https://registry.npmjs.org/path-to-regexp/-/path-to-regexp-8.3.0.tgz 1408ms (cache miss)
716 http fetch GET 200 https://registry.npmjs.org/mpath/-/mpath-0.9.0.tgz 1376ms (cache miss)
717 http fetch GET 200 https://registry.npmjs.org/kareem/-/kareem-2.6.3.tgz 1373ms (cache miss)
718 timing reifyNode:node_modules/punycode Completed in 1572ms
719 http fetch GET 200 https://registry.npmjs.org/is-promise/-/is-promise-4.0.0.tgz 1428ms (cache miss)
720 http fetch GET 200 https://registry.npmjs.org/toidentifier/-/toidentifier-1.0.1.tgz 1390ms (cache miss)
721 http fetch GET 200 https://registry.npmjs.org/safe-buffer/-/safe-buffer-5.2.1.tgz 1389ms (cache miss)
722 http fetch GET 200 https://registry.npmjs.org/color-convert/-/color-convert-2.0.1.tgz 1529ms (cache miss)
723 http fetch GET 200 https://registry.npmjs.org/yargs-parser/-/yargs-parser-18.1.3.tgz 1509ms (cache miss)
724 timing reifyNode:node_modules/get-caller-file Completed in 1616ms
725 http fetch GET 200 https://registry.npmjs.org/get-intrinsic/-/get-intrinsic-1.3.0.tgz 1484ms (cache miss)
726 http fetch GET 200 https://registry.npmjs.org/sparse-bitfield/-/sparse-bitfield-3.0.3.tgz 1455ms (cache miss)
727 http fetch GET 200 https://registry.npmjs.org/@types/webidl-conversions/-/webidl-conversions-7.0.3.tgz 1458ms (cache miss)
728 timing reifyNode:node_modules/@types/webidl-conversions Completed in 1618ms
729 timing reifyNode:node_modules/unpipe Completed in 1618ms
730 http fetch GET 200 https://registry.npmjs.org/ee-first/-/ee-first-1.1.1.tgz 1485ms (cache miss)
731 timing reifyNode:node_modules/ee-first Completed in 1643ms
732 timing reifyNode:node_modules/memory-pager Completed in 1647ms
733 http fetch GET 200 https://registry.npmjs.org/router/-/router-2.2.0.tgz 1442ms (cache miss)
734 http fetch GET 200 https://registry.npmjs.org/wrappy/-/wrappy-1.0.2.tgz 1518ms (cache miss)
735 timing reifyNode:node_modules/wrappy Completed in 1674ms
736 timing reifyNode:node_modules/forwarded Completed in 1674ms
737 http fetch GET 200 https://registry.npmjs.org/inherits/-/inherits-2.0.4.tgz 1491ms (cache miss)
738 http fetch GET 200 https://registry.npmjs.org/on-finished/-/on-finished-2.4.1.tgz 1476ms (cache miss)
739 http fetch GET 200 https://registry.npmjs.org/merge-descriptors/-/merge-descriptors-2.0.0.tgz 1474ms (cache miss)
740 timing reifyNode:node_modules/color-convert Completed in 1703ms
741 http fetch GET 200 https://registry.npmjs.org/require-directory/-/require-directory-2.1.1.tgz 1589ms (cache miss)
742 timing reifyNode:node_modules/yargs-parser Completed in 1703ms
743 http fetch GET 200 https://registry.npmjs.org/mongodb-connection-string-url/-/mongodb-connection-string-url-3.0.2.tgz 1538ms (cache miss)
744 http fetch GET 200 https://registry.npmjs.org/negotiator/-/negotiator-1.0.0.tgz 1509ms (cache miss)
745 http fetch GET 200 https://registry.npmjs.org/bytes/-/bytes-3.1.2.tgz 1510ms (cache miss)
746 http fetch GET 200 https://registry.npmjs.org/finalhandler/-/finalhandler-2.1.0.tgz 1492ms (cache miss)
747 timing reifyNode:node_modules/toidentifier Completed in 1723ms
748 timing reifyNode:node_modules/inherits Completed in 1725ms
749 http fetch GET 200 https://registry.npmjs.org/serve-static/-/serve-static-2.2.0.tgz 1520ms (cache miss)
750 http fetch GET 200 https://registry.npmjs.org/range-parser/-/range-parser-1.2.1.tgz 1517ms (cache miss)
751 timing reifyNode:node_modules/require-directory Completed in 1736ms
752 timing reifyNode:node_modules/is-promise Completed in 1736ms
753 http fetch GET 200 https://registry.npmjs.org/depd/-/depd-2.0.0.tgz 1548ms (cache miss)
754 http fetch GET 200 https://registry.npmjs.org/setprototypeof/-/setprototypeof-1.2.0.tgz 1551ms (cache miss)
755 timing reifyNode:node_modules/bytes Completed in 1740ms
756 http fetch GET 200 https://registry.npmjs.org/parseurl/-/parseurl-1.3.3.tgz 1530ms (cache miss)
757 http fetch GET 200 https://registry.npmjs.org/http-errors/-/http-errors-2.0.0.tgz 1525ms (cache miss)
758 timing reifyNode:node_modules/safe-buffer Completed in 1756ms
759 http fetch GET 200 https://registry.npmjs.org/ms/-/ms-2.1.3.tgz 1562ms (cache miss)
760 timing reifyNode:node_modules/ms Completed in 1756ms
761 timing reifyNode:node_modules/range-parser Completed in 1759ms
762 http fetch GET 200 https://registry.npmjs.org/fresh/-/fresh-2.0.0.tgz 1551ms (cache miss)
763 http fetch GET 200 https://registry.npmjs.org/cookie-signature/-/cookie-signature-1.2.2.tgz 1548ms (cache miss)
764 http fetch GET 200 https://registry.npmjs.org/debug/-/debug-4.4.3.tgz 1561ms (cache miss)
765 http fetch GET 200 https://registry.npmjs.org/emoji-regex/-/emoji-regex-8.0.0.tgz 1705ms (cache miss)
766 timing reifyNode:node_modules/path-to-regexp Completed in 1797ms
767 http fetch GET 200 https://registry.npmjs.org/ipaddr.js/-/ipaddr.js-1.9.1.tgz 1643ms (cache miss)
768 timing reifyNode:node_modules/serve-static Completed in 1798ms
769 http fetch GET 200 https://registry.npmjs.org/statuses/-/statuses-2.0.2.tgz 1596ms (cache miss)
770 timing reifyNode:node_modules/parseurl Completed in 1800ms
771 timing reifyNode:node_modules/merge-descriptors Completed in 1802ms
772 timing reifyNode:node_modules/http-errors Completed in 1806ms
773 http fetch GET 200 https://registry.npmjs.org/proxy-addr/-/proxy-addr-2.0.7.tgz 1594ms (cache miss)
774 timing reifyNode:node_modules/proxy-addr Completed in 1806ms
775 http fetch GET 200 https://registry.npmjs.org/etag/-/etag-1.8.1.tgz 1586ms (cache miss)
776 http fetch GET 200 https://registry.npmjs.org/object-assign/-/object-assign-4.1.1.tgz 1570ms (cache miss)
777 timing reifyNode:node_modules/object-assign Completed in 1807ms
778 http fetch GET 200 https://registry.npmjs.org/mime-types/-/mime-types-3.0.1.tgz 1614ms (cache miss)
779 timing reifyNode:node_modules/on-finished Completed in 1830ms
780 timing reifyNode:node_modules/fresh Completed in 1831ms
781 http fetch GET 200 https://registry.npmjs.org/once/-/once-1.4.0.tgz 1614ms (cache miss)
782 timing reifyNode:node_modules/once Completed in 1832ms
783 timing reifyNode:node_modules/cookie-signature Completed in 1841ms
784 http fetch GET 200 https://registry.npmjs.org/statuses/-/statuses-2.0.1.tgz 1596ms (cache miss)
785 timing reifyNode:node_modules/emoji-regex Completed in 1857ms
786 timing reifyNode:node_modules/ipaddr.js Completed in 1857ms
787 timing reifyNode:node_modules/setprototypeof Completed in 1856ms
788 http fetch GET 200 https://registry.npmjs.org/send/-/send-1.2.0.tgz 1653ms (cache miss)
789 timing reifyNode:node_modules/finalhandler Completed in 1859ms
790 http fetch GET 200 https://registry.npmjs.org/encodeurl/-/encodeurl-2.0.0.tgz 1632ms (cache miss)
791 timing reifyNode:node_modules/encodeurl Completed in 1859ms
792 timing reifyNode:node_modules/etag Completed in 1859ms
793 timing reifyNode:node_modules/sparse-bitfield Completed in 1867ms
794 timing reifyNode:node_modules/dijkstrajs Completed in 1867ms
795 timing reifyNode:node_modules/statuses Completed in 1868ms
796 timing reifyNode:node_modules/send Completed in 1869ms
797 http fetch GET 200 https://registry.npmjs.org/escape-html/-/escape-html-1.0.3.tgz 1644ms (cache miss)
798 timing reifyNode:node_modules/escape-html Completed in 1871ms
799 http fetch GET 200 https://registry.npmjs.org/uuid/-/uuid-13.0.0.tgz 1633ms (cache miss)
800 http fetch GET 200 https://registry.npmjs.org/raw-body/-/raw-body-3.0.1.tgz 1685ms (cache miss)
801 timing reifyNode:node_modules/depd Completed in 1879ms
802 timing reifyNode:node_modules/mime-types Completed in 1884ms
803 http fetch GET 200 https://registry.npmjs.org/content-disposition/-/content-disposition-1.0.0.tgz 1650ms (cache miss)
804 timing reifyNode:node_modules/content-disposition Completed in 1883ms
805 http fetch GET 200 https://registry.npmjs.org/content-type/-/content-type-1.0.5.tgz 1652ms (cache miss)
806 timing reifyNode:node_modules/content-type Completed in 1884ms
807 http fetch GET 200 https://registry.npmjs.org/vary/-/vary-1.1.2.tgz 1646ms (cache miss)
808 timing reifyNode:node_modules/vary Completed in 1887ms
809 http fetch GET 200 https://registry.npmjs.org/cookie/-/cookie-0.7.2.tgz 1663ms (cache miss)
810 timing reifyNode:node_modules/cookie Completed in 1893ms
811 http fetch GET 200 https://registry.npmjs.org/accepts/-/accepts-2.0.0.tgz 1658ms (cache miss)
812 timing reifyNode:node_modules/accepts Completed in 1893ms
813 http fetch GET 200 https://registry.npmjs.org/cors/-/cors-2.8.5.tgz 1658ms (cache miss)
814 timing reifyNode:node_modules/raw-body Completed in 1911ms
815 http fetch GET 200 https://registry.npmjs.org/safer-buffer/-/safer-buffer-2.1.2.tgz 1726ms (cache miss)
816 timing reifyNode:node_modules/kareem Completed in 1918ms
817 http fetch GET 200 https://registry.npmjs.org/type-is/-/type-is-2.0.1.tgz 1713ms (cache miss)
818 timing reifyNode:node_modules/type-is Completed in 1918ms
819 timing reifyNode:node_modules/http-errors/node_modules/statuses Completed in 1922ms
820 timing reifyNode:node_modules/safer-buffer Completed in 1925ms
821 http fetch GET 200 https://registry.npmjs.org/hasown/-/hasown-2.0.2.tgz 1806ms (cache miss)
822 timing reifyNode:node_modules/cors Completed in 1927ms
823 timing reifyNode:node_modules/router Completed in 1938ms
824 timing reifyNode:node_modules/debug Completed in 1938ms
825 timing reifyNode:node_modules/hasown Completed in 1946ms
826 timing reifyNode:node_modules/get-intrinsic Completed in 1947ms
827 http fetch GET 200 https://registry.npmjs.org/@types/whatwg-url/-/whatwg-url-11.0.5.tgz 1800ms (cache miss)
828 http fetch GET 200 https://registry.npmjs.org/es-define-property/-/es-define-property-1.0.1.tgz 1868ms (cache miss)
829 http fetch GET 200 https://registry.npmjs.org/call-bound/-/call-bound-1.0.4.tgz 1867ms (cache miss)
830 timing reifyNode:node_modules/@types/whatwg-url Completed in 2017ms
831 timing reifyNode:node_modules/negotiator Completed in 2018ms
832 http fetch GET 200 https://registry.npmjs.org/gopd/-/gopd-1.2.0.tgz 1919ms (cache miss)
833 timing reifyNode:node_modules/mongodb-connection-string-url Completed in 2058ms
834 timing reifyNode:node_modules/es-define-property Completed in 2063ms
835 http fetch GET 200 https://registry.npmjs.org/side-channel-map/-/side-channel-map-1.0.1.tgz 1931ms (cache miss)
836 timing reifyNode:node_modules/call-bound Completed in 2066ms
837 http fetch GET 200 https://registry.npmjs.org/side-channel/-/side-channel-1.1.0.tgz 1927ms (cache miss)
838 timing reifyNode:node_modules/gopd Completed in 2077ms
839 http fetch GET 200 https://registry.npmjs.org/function-bind/-/function-bind-1.1.2.tgz 1947ms (cache miss)
840 timing reifyNode:node_modules/side-channel-map Completed in 2082ms
841 timing reifyNode:node_modules/side-channel-weakmap Completed in 2087ms
842 timing reifyNode:node_modules/side-channel Completed in 2086ms
843 http fetch GET 200 https://registry.npmjs.org/side-channel-list/-/side-channel-list-1.0.0.tgz 1952ms (cache miss)
844 timing reifyNode:node_modules/function-bind Completed in 2094ms
845 http fetch GET 200 https://registry.npmjs.org/tr46/-/tr46-5.1.1.tgz 1980ms (cache miss)
846 http fetch GET 200 https://registry.npmjs.org/mime-db/-/mime-db-1.54.0.tgz 1918ms (cache miss)
847 timing reifyNode:node_modules/mime-db Completed in 2104ms
848 timing reifyNode:node_modules/side-channel-list Completed in 2113ms
849 timing reifyNode:node_modules/tr46 Completed in 2115ms
850 http fetch GET 200 https://registry.npmjs.org/dunder-proto/-/dunder-proto-1.0.1.tgz 2005ms (cache miss)
851 timing reifyNode:node_modules/mpath Completed in 2135ms
852 http fetch GET 200 https://registry.npmjs.org/get-proto/-/get-proto-1.0.1.tgz 2014ms (cache miss)
853 http fetch GET 200 https://registry.npmjs.org/body-parser/-/body-parser-2.2.0.tgz 1909ms (cache miss)
854 timing reifyNode:node_modules/dunder-proto Completed in 2149ms
855 timing reifyNode:node_modules/get-proto Completed in 2151ms
856 http fetch GET 200 https://registry.npmjs.org/es-object-atoms/-/es-object-atoms-1.1.1.tgz 2022ms (cache miss)
857 timing reifyNode:node_modules/body-parser Completed in 2148ms
858 timing reifyNode:node_modules/es-object-atoms Completed in 2158ms
859 http fetch GET 200 https://registry.npmjs.org/dotenv/-/dotenv-17.2.3.tgz 1910ms (cache miss)
860 http fetch GET 200 https://registry.npmjs.org/has-symbols/-/has-symbols-1.1.0.tgz 2038ms (cache miss)
861 timing reifyNode:node_modules/dotenv Completed in 2160ms
862 timing reifyNode:node_modules/has-symbols Completed in 2179ms
863 http fetch GET 200 https://registry.npmjs.org/whatwg-url/-/whatwg-url-14.2.0.tgz 2026ms (cache miss)
864 timing reifyNode:node_modules/whatwg-url Completed in 2225ms
865 http fetch GET 200 https://registry.npmjs.org/express/-/express-5.1.0.tgz 1998ms (cache miss)
866 timing reifyNode:node_modules/express Completed in 2240ms
867 http fetch GET 200 https://registry.npmjs.org/mquery/-/mquery-5.0.0.tgz 2066ms (cache miss)
868 timing reifyNode:node_modules/mquery Completed in 2245ms
869 http fetch GET 200 https://registry.npmjs.org/call-bind-apply-helpers/-/call-bind-apply-helpers-1.0.2.tgz 2118ms (cache miss)
870 timing reifyNode:node_modules/call-bind-apply-helpers Completed in 2260ms
871 http fetch GET 200 https://registry.npmjs.org/es-errors/-/es-errors-1.3.0.tgz 2127ms (cache miss)
872 timing reifyNode:node_modules/es-errors Completed in 2282ms
873 http fetch GET 200 https://registry.npmjs.org/qs/-/qs-6.14.0.tgz 2129ms (cache miss)
874 timing reifyNode:node_modules/qs Completed in 2339ms
875 http fetch GET 200 https://registry.npmjs.org/sift/-/sift-17.1.3.tgz 2217ms (cache miss)
876 timing reifyNode:node_modules/sift Completed in 2399ms
877 http fetch GET 200 https://registry.npmjs.org/math-intrinsics/-/math-intrinsics-1.1.0.tgz 2393ms (cache miss)
878 timing reifyNode:node_modules/math-intrinsics Completed in 2525ms
879 http fetch GET 200 https://registry.npmjs.org/iconv-lite/-/iconv-lite-0.7.0.tgz 2272ms (cache miss)
880 timing reifyNode:node_modules/raw-body/node_modules/iconv-lite Completed in 2526ms
881 http fetch GET 200 https://registry.npmjs.org/object-inspect/-/object-inspect-1.13.4.tgz 2384ms (cache miss)
882 timing reifyNode:node_modules/object-inspect Completed in 2528ms
883 http fetch GET 200 https://registry.npmjs.org/iconv-lite/-/iconv-lite-0.6.3.tgz 2356ms (cache miss)
884 timing reifyNode:node_modules/iconv-lite Completed in 2556ms
885 http fetch GET 200 https://registry.npmjs.org/qrcode/-/qrcode-1.5.4.tgz 2339ms (cache miss)
886 timing reifyNode:node_modules/qrcode Completed in 2580ms
887 http fetch GET 200 https://registry.npmjs.org/@mongodb-js/saslprep/-/saslprep-1.3.2.tgz 2436ms (cache miss)
888 timing reifyNode:node_modules/@mongodb-js/saslprep Completed in 2604ms
889 http fetch GET 200 https://registry.npmjs.org/yargs/-/yargs-15.4.1.tgz 2532ms (cache miss)
890 timing reifyNode:node_modules/yargs Completed in 2685ms
891 timing reifyNode:node_modules/uuid Completed in 2722ms
892 http fetch GET 200 https://registry.npmjs.org/pngjs/-/pngjs-5.0.0.tgz 2583ms (cache miss)
893 timing reifyNode:node_modules/pngjs Completed in 2734ms
894 http fetch GET 200 https://registry.npmjs.org/bson/-/bson-6.10.4.tgz 2628ms (cache miss)
895 timing reifyNode:node_modules/bson Completed in 2815ms
896 http fetch GET 200 https://registry.npmjs.org/mongoose/-/mongoose-8.19.2.tgz 3115ms (cache miss)
897 timing reifyNode:node_modules/mongoose Completed in 3355ms
898 http fetch GET 200 https://registry.npmjs.org/mongodb/-/mongodb-6.20.0.tgz 3470ms (cache miss)
899 timing reifyNode:node_modules/mongodb Completed in 3650ms
900 timing reify:unpack Completed in 3654ms
901 timing reify:unretire Completed in 1ms
902 timing build:queue Completed in 5ms
903 timing build:link:node_modules/qrcode Completed in 7ms
904 timing build:link:node_modules/uuid Completed in 6ms
905 timing build:link Completed in 7ms
906 timing build:deps Completed in 13ms
907 timing build Completed in 14ms
908 timing reify:build Completed in 14ms
909 timing reify:trash Completed in 0ms
910 timing reify:save Completed in 36ms
911 timing reify Completed in 8284ms
912 silly ADD node_modules/camelcase
913 silly ADD node_modules/color-name
914 silly ADD node_modules/color-convert
915 silly ADD node_modules/ansi-styles
916 silly ADD node_modules/ansi-regex
917 silly ADD node_modules/is-fullwidth-code-point
918 silly ADD node_modules/emoji-regex
919 silly ADD node_modules/p-try
920 silly ADD node_modules/p-limit
921 silly ADD node_modules/p-locate
922 silly ADD node_modules/path-exists
923 silly ADD node_modules/locate-path
924 silly ADD node_modules/wrap-ansi
925 silly ADD node_modules/strip-ansi
926 silly ADD node_modules/yargs-parser
927 silly ADD node_modules/y18n
928 silly ADD node_modules/which-module
929 silly ADD node_modules/string-width
930 silly ADD node_modules/set-blocking
931 silly ADD node_modules/require-main-filename
932 silly ADD node_modules/require-directory
933 silly ADD node_modules/get-caller-file
934 silly ADD node_modules/find-up
935 silly ADD node_modules/decamelize
936 silly ADD node_modules/cliui
937 silly ADD node_modules/punycode
938 silly ADD node_modules/webidl-conversions
939 silly ADD node_modules/tr46
940 silly ADD node_modules/media-typer
941 silly ADD node_modules/memory-pager
942 silly ADD node_modules/dunder-proto
943 silly ADD node_modules/math-intrinsics
944 silly ADD node_modules/hasown
945 silly ADD node_modules/has-symbols
946 silly ADD node_modules/gopd
947 silly ADD node_modules/get-proto
948 silly ADD node_modules/es-object-atoms
949 silly ADD node_modules/es-define-property
950 silly ADD node_modules/function-bind
951 silly ADD node_modules/call-bind-apply-helpers
952 silly ADD node_modules/get-intrinsic
953 silly ADD node_modules/call-bound
954 silly ADD node_modules/side-channel-weakmap
955 silly ADD node_modules/side-channel-map
956 silly ADD node_modules/side-channel-list
957 silly ADD node_modules/object-inspect
958 silly ADD node_modules/es-errors
959 silly ADD node_modules/path-to-regexp
960 silly ADD node_modules/is-promise
961 silly ADD node_modules/unpipe
962 silly ADD node_modules/side-channel
963 silly ADD node_modules/yargs
964 silly ADD node_modules/pngjs
965 silly ADD node_modules/dijkstrajs
966 silly ADD node_modules/ipaddr.js
967 silly ADD node_modules/forwarded
968 silly ADD node_modules/wrappy
969 silly ADD node_modules/ee-first
970 silly ADD node_modules/@types/webidl-conversions
971 silly ADD node_modules/whatwg-url
972 silly ADD node_modules/@types/whatwg-url
973 silly ADD node_modules/sparse-bitfield
974 silly ADD node_modules/mongodb-connection-string-url
975 silly ADD node_modules/@mongodb-js/saslprep
976 silly ADD node_modules/sift
977 silly ADD node_modules/mquery
978 silly ADD node_modules/mpath
979 silly ADD node_modules/mongodb
980 silly ADD node_modules/kareem
981 silly ADD node_modules/bson
982 silly ADD node_modules/mime-db
983 silly ADD node_modules/safer-buffer
984 silly ADD node_modules/toidentifier
985 silly ADD node_modules/setprototypeof
986 silly ADD node_modules/inherits
987 silly ADD node_modules/depd
988 silly ADD node_modules/ms
989 silly ADD node_modules/safe-buffer
990 silly ADD node_modules/raw-body
991 silly ADD node_modules/raw-body/node_modules/iconv-lite
992 silly ADD node_modules/iconv-lite
993 silly ADD node_modules/bytes
994 silly ADD node_modules/negotiator
995 silly ADD node_modules/type-is
996 silly ADD node_modules/statuses
997 silly ADD node_modules/serve-static
998 silly ADD node_modules/send
999 silly ADD node_modules/router
1000 silly ADD node_modules/range-parser
1001 silly ADD node_modules/qs
1002 silly ADD node_modules/proxy-addr
1003 silly ADD node_modules/parseurl
1004 silly ADD node_modules/once
1005 silly ADD node_modules/on-finished
1006 silly ADD node_modules/mime-types
1007 silly ADD node_modules/merge-descriptors
1008 silly ADD node_modules/http-errors
1009 silly ADD node_modules/http-errors/node_modules/statuses
1010 silly ADD node_modules/fresh
1011 silly ADD node_modules/finalhandler
1012 silly ADD node_modules/etag
1013 silly ADD node_modules/escape-html
1014 silly ADD node_modules/encodeurl
1015 silly ADD node_modules/debug
1016 silly ADD node_modules/cookie-signature
1017 silly ADD node_modules/cookie
1018 silly ADD node_modules/content-type
1019 silly ADD node_modules/content-disposition
1020 silly ADD node_modules/body-parser
1021 silly ADD node_modules/accepts
1022 silly ADD node_modules/vary
1023 silly ADD node_modules/object-assign
1024 silly ADD node_modules/uuid
1025 silly ADD node_modules/qrcode
1026 silly ADD node_modules/mongoose
1027 silly ADD node_modules/express
1028 silly ADD node_modules/dotenv
1029 silly ADD node_modules/cors
1030 timing command:install Completed in 8343ms
1031 verbose exit 0
1032 timing npm Completed in 8497ms
1033 info ok
