0 verbose cli C:\nvm4w\nodejs\node.exe C:\nvm4w\nodejs\node_modules\npm\bin\npm-cli.js
1 info using npm@8.19.2
2 info using node@v18.12.1
3 timing npm:load:whichnode Completed in 0ms
4 timing config:load:defaults Completed in 2ms
5 timing config:load:file:C:\Users\aryed\AppData\Local\nvm\v18.12.1\node_modules\npm\npmrc Completed in 2ms
6 timing config:load:builtin Completed in 2ms
7 timing config:load:cli Completed in 2ms
8 timing config:load:env Completed in 0ms
9 timing config:load:file:D:\Proyectos\PoliEventos\backend\.npmrc Completed in 0ms
10 timing config:load:project Completed in 3ms
11 timing config:load:file:C:\Users\aryed\.npmrc Completed in 2ms
12 timing config:load:user Completed in 2ms
13 timing config:load:file:D:\npm-global\etc\npmrc Completed in 0ms
14 timing config:load:global Completed in 0ms
15 timing config:load:validate Completed in 0ms
16 timing config:load:credentials Completed in 1ms
17 timing config:load:setEnvs Completed in 1ms
18 timing config:load Completed in 15ms
19 timing npm:load:configload Completed in 15ms
20 timing npm:load:mkdirpcache Completed in 1ms
21 timing npm:load:mkdirplogs Completed in 0ms
22 verbose title npm init
23 verbose argv "init" "--yes"
24 timing npm:load:setTitle Completed in 1ms
25 timing config:load:flatten Completed in 2ms
26 timing npm:load:display Completed in 3ms
27 verbose logfile logs-max:10 dir:D:\Proyectos\PoliEventos\backend\npm-cache\_logs
28 verbose logfile D:\Proyectos\PoliEventos\backend\npm-cache\_logs\2025-11-04T07_45_00_928Z-debug-0.log
29 timing npm:load:logFile Completed in 4ms
30 timing npm:load:timers Completed in 0ms
31 timing npm:load:configScope Completed in 0ms
32 timing npm:load Completed in 24ms
33 silly logfile done cleaning log files
34 silly package data {
34 silly package data   name: 'backend',
34 silly package data   version: '1.0.0',
34 silly package data   description: '',
34 silly package data   main: 'server.js',
34 silly package data   scripts: {
34 silly package data     test: 'echo "Error: no test specified" && exit 1',
34 silly package data     start: 'node server.js'
34 silly package data   },
34 silly package data   keywords: [],
34 silly package data   author: '',
34 silly package data   license: 'ISC'
34 silly package data }
35 info init written successfully
36 timing command:init Completed in 60ms
37 verbose exit 0
38 timing npm Completed in 213ms
39 info ok
