0 verbose cli C:\nvm4w\nodejs\node.exe C:\nvm4w\nodejs\node_modules\npm\bin\npm-cli.js
1 info using npm@8.19.2
2 info using node@v18.12.1
3 timing npm:load:whichnode Completed in 0ms
4 timing config:load:defaults Completed in 2ms
5 timing config:load:file:C:\Users\aryed\AppData\Local\nvm\v18.12.1\node_modules\npm\npmrc Completed in 2ms
6 timing config:load:builtin Completed in 2ms
7 timing config:load:cli Completed in 2ms
8 timing config:load:env Completed in 1ms
9 timing config:load:file:D:\Proyectos\PoliEventos\backend\.npmrc Completed in 0ms
10 timing config:load:project Completed in 4ms
11 timing config:load:file:C:\Users\aryed\.npmrc Completed in 1ms
12 timing config:load:user Completed in 2ms
13 timing config:load:file:D:\npm-global\etc\npmrc Completed in 0ms
14 timing config:load:global Completed in 0ms
15 timing config:load:validate Completed in 0ms
16 timing config:load:credentials Completed in 1ms
17 timing config:load:setEnvs Completed in 1ms
18 timing config:load Completed in 15ms
19 timing npm:load:configload Completed in 15ms
20 timing npm:load:mkdirpcache Completed in 1ms
21 timing npm:load:mkdirplogs Completed in 0ms
22 verbose title npm install express mongoose dotenv cors qrcode uuid
23 verbose argv "install" "express" "mongoose" "dotenv" "cors" "qrcode" "uuid"
24 timing npm:load:setTitle Completed in 2ms
25 timing config:load:flatten Completed in 2ms
26 timing npm:load:display Completed in 3ms
27 verbose logfile logs-max:10 dir:D:\Proyectos\PoliEventos\backend\npm-cache\_logs
28 verbose logfile D:\Proyectos\PoliEventos\backend\npm-cache\_logs\2025-11-04T07_45_24_873Z-debug-0.log
29 timing npm:load:logFile Completed in 4ms
30 timing npm:load:timers Completed in 0ms
31 timing npm:load:configScope Completed in 0ms
32 timing npm:load Completed in 25ms
33 timing arborist:ctor Completed in 1ms
34 silly logfile done cleaning log files
35 timing arborist:ctor Completed in 0ms
36 timing idealTree:init Completed in 11ms
37 timing idealTree:userRequests Completed in 2ms
38 silly idealTree buildDeps
39 silly fetch manifest express@*
40 silly fetch manifest mongoose@*
